<?xml version="1.0" encoding="UTF-8"?>
<coverage generated="1775841212282" clover="3.2.0">
  <project timestamp="1775841212282" name="All files">
    <metrics statements="232" coveredstatements="223" conditionals="90" coveredconditionals="80" methods="9" coveredmethods="9" elements="331" coveredelements="312" complexity="0" loc="232" ncloc="232" packages="1" files="1" classes="1"/>
    <file name="cli.ts" path="/Volumes/code/kirafin/tsadwyn/src/cli.ts">
      <metrics statements="232" coveredstatements="223" conditionals="90" coveredconditionals="80" methods="9" coveredmethods="9"/>
      <line num="23" count="1" type="stmt"/>
      <line num="24" count="1" type="stmt"/>
      <line num="25" count="1" type="stmt"/>
      <line num="31" count="1" type="stmt"/>
      <line num="50" count="31" type="cond" truecount="1" falsecount="0"/>
      <line num="51" count="31" type="stmt"/>
      <line num="52" count="31" type="stmt"/>
      <line num="53" count="31" type="stmt"/>
      <line num="54" count="31" type="stmt"/>
      <line num="64" count="17" type="cond" truecount="1" falsecount="0"/>
      <line num="65" count="17" type="cond" truecount="1" falsecount="0"/>
      <line num="66" count="17" type="cond" truecount="2" falsecount="0"/>
      <line num="67" count="17" type="cond" truecount="1" falsecount="0"/>
      <line num="68" count="1" type="stmt"/>
      <line num="69" count="1" type="cond" truecount="1" falsecount="0"/>
      <line num="70" count="14" type="stmt"/>
      <line num="71" count="14" type="stmt"/>
      <line num="88" count="13" type="cond" truecount="1" falsecount="0"/>
      <line num="89" count="13" type="stmt"/>
      <line num="90" count="13" type="stmt"/>
      <line num="91" count="13" type="stmt"/>
      <line num="92" count="13" type="stmt"/>
      <line num="94" count="13" type="cond" truecount="1" falsecount="0"/>
      <line num="96" count="13" type="cond" truecount="1" falsecount="0"/>
      <line num="97" count="13" type="cond" truecount="1" falsecount="0"/>
      <line num="98" count="2" type="stmt"/>
      <line num="99" count="2" type="stmt"/>
      <line num="101" count="2" type="stmt"/>
      <line num="102" count="2" type="stmt"/>
      <line num="103" count="2" type="cond" truecount="1" falsecount="0"/>
      <line num="105" count="13" type="cond" truecount="1" falsecount="0"/>
      <line num="106" count="1" type="stmt"/>
      <line num="107" count="1" type="stmt"/>
      <line num="109" count="1" type="stmt"/>
      <line num="110" count="1" type="stmt"/>
      <line num="111" count="1" type="cond" truecount="1" falsecount="0"/>
      <line num="114" count="13" type="cond" truecount="1" falsecount="0"/>
      <line num="115" count="7" type="stmt"/>
      <line num="116" count="7" type="stmt"/>
      <line num="117" count="7" type="cond" truecount="1" falsecount="0"/>
      <line num="118" count="10" type="stmt"/>
      <line num="119" count="10" type="stmt"/>
      <line num="120" count="7" type="stmt"/>
      <line num="125" count="13" type="cond" truecount="1" falsecount="0"/>
      <line num="126" count="13" type="cond" truecount="1" falsecount="0"/>
      <line num="127" count="2" type="cond" truecount="2" falsecount="0"/>
      <line num="128" count="2" type="stmt"/>
      <line num="129" count="13" type="cond" truecount="2" falsecount="0"/>
      <line num="130" count="1" type="stmt"/>
      <line num="131" count="1" type="cond" truecount="1" falsecount="0"/>
      <line num="134" count="7" type="stmt"/>
      <line num="135" count="13" type="cond" truecount="1" falsecount="0"/>
      <line num="136" count="6" type="stmt"/>
      <line num="137" count="6" type="cond" truecount="1" falsecount="0"/>
      <line num="138" count="9" type="cond" truecount="2" falsecount="0"/>
      <line num="139" count="9" type="stmt"/>
      <line num="140" count="9" type="stmt"/>
      <line num="141" count="13" type="cond" truecount="1" falsecount="0"/>
      <line num="142" count="1" type="stmt"/>
      <line num="143" count="1" type="stmt"/>
      <line num="144" count="1" type="stmt"/>
      <line num="146" count="1" type="stmt"/>
      <line num="147" count="1" type="cond" truecount="1" falsecount="0"/>
      <line num="149" count="7" type="stmt"/>
      <line num="150" count="7" type="stmt"/>
      <line num="151" count="13" type="cond" truecount="1" falsecount="0"/>
      <line num="152" count="3" type="cond" truecount="2" falsecount="0"/>
      <line num="153" count="3" type="stmt"/>
      <line num="154" count="3" type="stmt"/>
      <line num="155" count="3" type="stmt"/>
      <line num="156" count="13" type="stmt"/>
      <line num="188" count="11" type="cond" truecount="1" falsecount="0"/>
      <line num="189" count="11" type="cond" truecount="0" falsecount="1"/>
      <line num="190" count="11" type="stmt"/>
      <line num="192" count="11" type="stmt"/>
      <line num="193" count="11" type="stmt"/>
      <line num="194" count="11" type="stmt"/>
      <line num="195" count="11" type="stmt"/>
      <line num="196" count="11" type="stmt"/>
      <line num="197" count="11" type="stmt"/>
      <line num="201" count="11" type="stmt"/>
      <line num="202" count="11" type="cond" truecount="0" falsecount="1"/>
      <line num="203" count="11" type="stmt"/>
      <line num="204" count="11" type="cond" truecount="1" falsecount="0"/>
      <line num="205" count="20" type="cond" truecount="2" falsecount="0"/>
      <line num="206" count="10" type="stmt"/>
      <line num="207" count="10" type="cond" truecount="1" falsecount="0"/>
      <line num="208" count="10" type="stmt"/>
      <line num="209" count="10" type="cond" truecount="1" falsecount="0"/>
      <line num="210" count="10" type="stmt"/>
      <line num="211" count="10" type="stmt"/>
      <line num="212" count="20" type="stmt"/>
      <line num="213" count="11" type="stmt"/>
      <line num="214" count="11" type="cond" truecount="0" falsecount="1"/>
      <line num="216" count="0" type="stmt"/>
      <line num="218" count="11" type="cond" truecount="1" falsecount="0"/>
      <line num="219" count="20" type="stmt"/>
      <line num="220" count="20" type="cond" truecount="3" falsecount="0"/>
      <line num="222" count="20" type="stmt"/>
      <line num="223" count="20" type="cond" truecount="3" falsecount="0"/>
      <line num="225" count="20" type="stmt"/>
      <line num="226" count="20" type="cond" truecount="1" falsecount="0"/>
      <line num="227" count="20" type="cond" truecount="2" falsecount="0"/>
      <line num="228" count="16" type="stmt"/>
      <line num="229" count="16" type="cond" truecount="1" falsecount="0"/>
      <line num="231" count="17" type="stmt"/>
      <line num="232" count="17" type="stmt"/>
      <line num="233" count="17" type="stmt"/>
      <line num="234" count="17" type="stmt"/>
      <line num="235" count="17" type="stmt"/>
      <line num="236" count="17" type="stmt"/>
      <line num="237" count="17" type="stmt"/>
      <line num="238" count="17" type="stmt"/>
      <line num="240" count="11" type="stmt"/>
      <line num="241" count="11" type="stmt"/>
      <line num="246" count="5" type="cond" truecount="1" falsecount="0"/>
      <line num="247" count="5" type="stmt"/>
      <line num="248" count="5" type="stmt"/>
      <line num="249" count="5" type="stmt"/>
      <line num="250" count="5" type="stmt"/>
      <line num="251" count="5" type="cond" truecount="1" falsecount="0"/>
      <line num="252" count="9" type="cond" truecount="1" falsecount="0"/>
      <line num="253" count="4" type="cond" truecount="1" falsecount="0"/>
      <line num="254" count="5" type="cond" truecount="1" falsecount="0"/>
      <line num="255" count="4" type="cond" truecount="1" falsecount="0"/>
      <line num="256" count="1" type="stmt"/>
      <line num="257" count="9" type="cond" truecount="2" falsecount="0"/>
      <line num="258" count="9" type="stmt"/>
      <line num="259" count="9" type="stmt"/>
      <line num="260" count="5" type="stmt"/>
      <line num="261" count="5" type="stmt"/>
      <line num="262" count="5" type="stmt"/>
      <line num="263" count="5" type="stmt"/>
      <line num="264" count="5" type="stmt"/>
      <line num="275" count="18" type="cond" truecount="1" falsecount="0"/>
      <line num="276" count="18" type="stmt"/>
      <line num="277" count="18" type="stmt"/>
      <line num="278" count="18" type="cond" truecount="1" falsecount="0"/>
      <line num="279" count="17" type="stmt"/>
      <line num="281" count="18" type="cond" truecount="1" falsecount="0"/>
      <line num="282" count="3" type="stmt"/>
      <line num="283" count="3" type="stmt"/>
      <line num="286" count="3" type="stmt"/>
      <line num="287" count="3" type="stmt"/>
      <line num="288" count="3" type="cond" truecount="1" falsecount="0"/>
      <line num="291" count="18" type="cond" truecount="2" falsecount="0"/>
      <line num="292" count="1" type="stmt"/>
      <line num="293" count="1" type="stmt"/>
      <line num="294" count="1" type="cond" truecount="0" falsecount="1"/>
      <line num="296" count="0" type="stmt"/>
      <line num="297" count="1" type="cond" truecount="1" falsecount="0"/>
      <line num="300" count="18" type="cond" truecount="1" falsecount="0"/>
      <line num="301" count="6" type="cond" truecount="0" falsecount="1"/>
      <line num="302" count="6" type="cond" truecount="1" falsecount="0"/>
      <line num="303" count="3" type="stmt"/>
      <line num="304" count="3" type="stmt"/>
      <line num="305" count="3" type="cond" truecount="0" falsecount="1"/>
      <line num="306" count="3" type="stmt"/>
      <line num="307" count="3" type="stmt"/>
      <line num="308" count="3" type="stmt"/>
      <line num="309" count="6" type="cond" truecount="1" falsecount="0"/>
      <line num="311" count="11" type="stmt"/>
      <line num="313" count="18" type="cond" truecount="1" falsecount="0"/>
      <line num="314" count="6" type="stmt"/>
      <line num="315" count="18" type="cond" truecount="1" falsecount="0"/>
      <line num="316" count="5" type="stmt"/>
      <line num="317" count="5" type="cond" truecount="1" falsecount="0"/>
      <line num="319" count="11" type="stmt"/>
      <line num="320" count="18" type="cond" truecount="1" falsecount="0"/>
      <line num="321" count="1" type="cond" truecount="0" falsecount="1"/>
      <line num="322" count="1" type="stmt"/>
      <line num="323" count="1" type="stmt"/>
      <line num="324" count="1" type="stmt"/>
      <line num="325" count="18" type="stmt"/>
      <line num="334" count="5" type="cond" truecount="1" falsecount="0"/>
      <line num="335" count="5" type="stmt"/>
      <line num="339" count="5" type="cond" truecount="2" falsecount="0"/>
      <line num="340" count="5" type="cond" truecount="1" falsecount="0"/>
      <line num="341" count="13" type="stmt"/>
      <line num="342" count="13" type="stmt"/>
      <line num="343" count="5" type="cond" truecount="1" falsecount="0"/>
      <line num="344" count="2" type="stmt"/>
      <line num="345" count="2" type="stmt"/>
      <line num="346" count="5" type="stmt"/>
      <line num="356" count="1" type="cond" truecount="1" falsecount="0"/>
      <line num="357" count="13" type="stmt"/>
      <line num="359" count="13" type="stmt"/>
      <line num="360" count="13" type="stmt"/>
      <line num="361" count="13" type="stmt"/>
      <line num="362" count="13" type="stmt"/>
      <line num="364" count="13" type="stmt"/>
      <line num="365" count="13" type="stmt"/>
      <line num="366" count="13" type="stmt"/>
      <line num="367" count="13" type="stmt"/>
      <line num="368" count="13" type="cond" truecount="1" falsecount="0"/>
      <line num="369" count="2" type="stmt"/>
      <line num="370" count="2" type="stmt"/>
      <line num="371" count="13" type="stmt"/>
      <line num="373" count="13" type="stmt"/>
      <line num="374" count="13" type="stmt"/>
      <line num="375" count="13" type="stmt"/>
      <line num="376" count="13" type="stmt"/>
      <line num="377" count="13" type="stmt"/>
      <line num="378" count="13" type="stmt"/>
      <line num="379" count="13" type="stmt"/>
      <line num="381" count="13" type="stmt"/>
      <line num="382" count="13" type="stmt"/>
      <line num="383" count="13" type="cond" truecount="1" falsecount="0"/>
      <line num="384" count="3" type="stmt"/>
      <line num="385" count="3" type="stmt"/>
      <line num="386" count="3" type="stmt"/>
      <line num="387" count="3" type="stmt"/>
      <line num="388" count="3" type="stmt"/>
      <line num="389" count="3" type="stmt"/>
      <line num="390" count="13" type="stmt"/>
      <line num="392" count="13" type="stmt"/>
      <line num="393" count="13" type="stmt"/>
      <line num="399" count="1" type="stmt"/>
      <line num="412" count="1" type="cond" truecount="1" falsecount="0"/>
      <line num="413" count="2" type="stmt"/>
      <line num="414" count="2" type="cond" truecount="0" falsecount="1"/>
      <line num="415" count="2" type="stmt"/>
      <line num="416" count="2" type="cond" truecount="0" falsecount="1"/>
      <line num="417" count="0" type="stmt"/>
      <line num="418" count="0" type="stmt"/>
      <line num="419" count="2" type="stmt"/>
      <line num="425" count="1" type="cond" truecount="0" falsecount="1"/>
      <line num="426" count="0" type="stmt"/>
      <line num="427" count="0" type="stmt"/>
      <line num="428" count="0" type="stmt"/>
      <line num="429" count="0" type="stmt"/>
      <line num="430" count="0" type="stmt"/>
    </file>
  </project>
</coverage>
