{"/Volumes/code/kirafin/tsadwyn/src/cli.ts": {"path":"/Volumes/code/kirafin/tsadwyn/src/cli.ts","all":false,"statementMap":{"22":{"start":{"line":23,"column":0},"end":{"line":23,"column":52}},"23":{"start":{"line":24,"column":0},"end":{"line":24,"column":41}},"24":{"start":{"line":25,"column":0},"end":{"line":25,"column":36}},"30":{"start":{"line":31,"column":0},"end":{"line":31,"column":35}},"49":{"start":{"line":50,"column":0},"end":{"line":50,"column":61}},"50":{"start":{"line":51,"column":0},"end":{"line":51,"column":53}},"51":{"start":{"line":52,"column":0},"end":{"line":52,"column":51}},"52":{"start":{"line":53,"column":0},"end":{"line":53,"column":33}},"53":{"start":{"line":54,"column":0},"end":{"line":54,"column":1}},"63":{"start":{"line":64,"column":0},"end":{"line":64,"column":51}},"64":{"start":{"line":65,"column":0},"end":{"line":65,"column":39}},"65":{"start":{"line":66,"column":0},"end":{"line":66,"column":24}},"66":{"start":{"line":67,"column":0},"end":{"line":67,"column":69}},"67":{"start":{"line":68,"column":0},"end":{"line":68,"column":16}},"68":{"start":{"line":69,"column":0},"end":{"line":69,"column":3}},"69":{"start":{"line":70,"column":0},"end":{"line":70,"column":13}},"70":{"start":{"line":71,"column":0},"end":{"line":71,"column":1}},"87":{"start":{"line":88,"column":0},"end":{"line":88,"column":83}},"88":{"start":{"line":89,"column":0},"end":{"line":89,"column":30}},"89":{"start":{"line":90,"column":0},"end":{"line":90,"column":7}},"90":{"start":{"line":91,"column":0},"end":{"line":91,"column":59}},"91":{"start":{"line":92,"column":0},"end":{"line":92,"column":54}},"93":{"start":{"line":94,"column":0},"end":{"line":94,"column":49}},"95":{"start":{"line":96,"column":0},"end":{"line":96,"column":41}},"96":{"start":{"line":97,"column":0},"end":{"line":97,"column":15}},"97":{"start":{"line":98,"column":0},"end":{"line":98,"column":18}},"98":{"start":{"line":99,"column":0},"end":{"line":99,"column":55}},"100":{"start":{"line":101,"column":0},"end":{"line":101,"column":8}},"101":{"start":{"line":102,"column":0},"end":{"line":102,"column":37}},"102":{"start":{"line":103,"column":0},"end":{"line":103,"column":5}},"104":{"start":{"line":105,"column":0},"end":{"line":105,"column":71}},"105":{"start":{"line":106,"column":0},"end":{"line":106,"column":18}},"106":{"start":{"line":107,"column":0},"end":{"line":107,"column":80}},"108":{"start":{"line":109,"column":0},"end":{"line":109,"column":8}},"109":{"start":{"line":110,"column":0},"end":{"line":110,"column":37}},"110":{"start":{"line":111,"column":0},"end":{"line":111,"column":5}},"113":{"start":{"line":114,"column":0},"end":{"line":114,"column":61}},"114":{"start":{"line":115,"column":0},"end":{"line":115,"column":65}},"115":{"start":{"line":116,"column":0},"end":{"line":116,"column":69}},"116":{"start":{"line":117,"column":0},"end":{"line":117,"column":38}},"117":{"start":{"line":118,"column":0},"end":{"line":118,"column":32}},"118":{"start":{"line":119,"column":0},"end":{"line":119,"column":7}},"119":{"start":{"line":120,"column":0},"end":{"line":120,"column":5}},"124":{"start":{"line":125,"column":0},"end":{"line":125,"column":56}},"125":{"start":{"line":126,"column":0},"end":{"line":126,"column":18}},"126":{"start":{"line":127,"column":0},"end":{"line":127,"column":69}},"127":{"start":{"line":128,"column":0},"end":{"line":128,"column":59}},"128":{"start":{"line":129,"column":0},"end":{"line":129,"column":37}},"129":{"start":{"line":130,"column":0},"end":{"line":130,"column":37}},"130":{"start":{"line":131,"column":0},"end":{"line":131,"column":5}},"133":{"start":{"line":134,"column":0},"end":{"line":134,"column":69}},"134":{"start":{"line":135,"column":0},"end":{"line":135,"column":56}},"135":{"start":{"line":136,"column":0},"end":{"line":136,"column":79}},"136":{"start":{"line":137,"column":0},"end":{"line":137,"column":57}},"137":{"start":{"line":138,"column":0},"end":{"line":138,"column":62}},"138":{"start":{"line":139,"column":0},"end":{"line":139,"column":68}},"139":{"start":{"line":140,"column":0},"end":{"line":140,"column":7}},"140":{"start":{"line":141,"column":0},"end":{"line":141,"column":12}},"141":{"start":{"line":142,"column":0},"end":{"line":142,"column":60}},"142":{"start":{"line":143,"column":0},"end":{"line":143,"column":18}},"143":{"start":{"line":144,"column":0},"end":{"line":144,"column":86}},"145":{"start":{"line":146,"column":0},"end":{"line":146,"column":8}},"146":{"start":{"line":147,"column":0},"end":{"line":147,"column":5}},"148":{"start":{"line":149,"column":0},"end":{"line":149,"column":47}},"149":{"start":{"line":150,"column":0},"end":{"line":150,"column":35}},"150":{"start":{"line":151,"column":0},"end":{"line":151,"column":17}},"151":{"start":{"line":152,"column":0},"end":{"line":152,"column":69}},"152":{"start":{"line":153,"column":0},"end":{"line":153,"column":60}},"153":{"start":{"line":154,"column":0},"end":{"line":154,"column":35}},"154":{"start":{"line":155,"column":0},"end":{"line":155,"column":3}},"155":{"start":{"line":156,"column":0},"end":{"line":156,"column":1}},"187":{"start":{"line":188,"column":0},"end":{"line":188,"column":72}},"188":{"start":{"line":189,"column":0},"end":{"line":189,"column":68}},"189":{"start":{"line":190,"column":0},"end":{"line":190,"column":79}},"191":{"start":{"line":192,"column":0},"end":{"line":192,"column":32}},"192":{"start":{"line":193,"column":0},"end":{"line":193,"column":17}},"193":{"start":{"line":194,"column":0},"end":{"line":194,"column":40}},"194":{"start":{"line":195,"column":0},"end":{"line":195,"column":20}},"195":{"start":{"line":196,"column":0},"end":{"line":196,"column":20}},"196":{"start":{"line":197,"column":0},"end":{"line":197,"column":4}},"200":{"start":{"line":201,"column":0},"end":{"line":201,"column":7}},"201":{"start":{"line":202,"column":0},"end":{"line":202,"column":50}},"202":{"start":{"line":203,"column":0},"end":{"line":203,"column":42}},"203":{"start":{"line":204,"column":0},"end":{"line":204,"column":37}},"204":{"start":{"line":205,"column":0},"end":{"line":205,"column":51}},"205":{"start":{"line":206,"column":0},"end":{"line":206,"column":31}},"206":{"start":{"line":207,"column":0},"end":{"line":207,"column":68}},"207":{"start":{"line":208,"column":0},"end":{"line":208,"column":41}},"208":{"start":{"line":209,"column":0},"end":{"line":209,"column":62}},"209":{"start":{"line":210,"column":0},"end":{"line":210,"column":9}},"210":{"start":{"line":211,"column":0},"end":{"line":211,"column":7}},"211":{"start":{"line":212,"column":0},"end":{"line":212,"column":5}},"212":{"start":{"line":213,"column":0},"end":{"line":213,"column":44}},"213":{"start":{"line":214,"column":0},"end":{"line":214,"column":11}},"215":{"start":{"line":216,"column":0},"end":{"line":216,"column":3}},"217":{"start":{"line":218,"column":0},"end":{"line":218,"column":50}},"218":{"start":{"line":219,"column":0},"end":{"line":219,"column":35}},"219":{"start":{"line":220,"column":0},"end":{"line":220,"column":69}},"221":{"start":{"line":222,"column":0},"end":{"line":222,"column":48}},"222":{"start":{"line":223,"column":0},"end":{"line":223,"column":53}},"224":{"start":{"line":225,"column":0},"end":{"line":225,"column":24}},"225":{"start":{"line":226,"column":0},"end":{"line":226,"column":51}},"226":{"start":{"line":227,"column":0},"end":{"line":227,"column":58}},"227":{"start":{"line":228,"column":0},"end":{"line":228,"column":46}},"228":{"start":{"line":229,"column":0},"end":{"line":229,"column":5}},"230":{"start":{"line":231,"column":0},"end":{"line":231,"column":27}},"231":{"start":{"line":232,"column":0},"end":{"line":232,"column":12}},"232":{"start":{"line":233,"column":0},"end":{"line":233,"column":24}},"233":{"start":{"line":234,"column":0},"end":{"line":234,"column":47}},"234":{"start":{"line":235,"column":0},"end":{"line":235,"column":17}},"235":{"start":{"line":236,"column":0},"end":{"line":236,"column":18}},"236":{"start":{"line":237,"column":0},"end":{"line":237,"column":7}},"237":{"start":{"line":238,"column":0},"end":{"line":238,"column":3}},"239":{"start":{"line":240,"column":0},"end":{"line":240,"column":17}},"240":{"start":{"line":241,"column":0},"end":{"line":241,"column":1}},"245":{"start":{"line":246,"column":0},"end":{"line":246,"column":60}},"246":{"start":{"line":247,"column":0},"end":{"line":247,"column":29}},"247":{"start":{"line":248,"column":0},"end":{"line":248,"column":29}},"248":{"start":{"line":249,"column":0},"end":{"line":249,"column":29}},"249":{"start":{"line":250,"column":0},"end":{"line":250,"column":51}},"250":{"start":{"line":251,"column":0},"end":{"line":251,"column":37}},"251":{"start":{"line":252,"column":0},"end":{"line":252,"column":26}},"252":{"start":{"line":253,"column":0},"end":{"line":253,"column":19}},"253":{"start":{"line":254,"column":0},"end":{"line":254,"column":18}},"254":{"start":{"line":255,"column":0},"end":{"line":255,"column":21}},"255":{"start":{"line":256,"column":0},"end":{"line":256,"column":13}},"256":{"start":{"line":257,"column":0},"end":{"line":257,"column":73}},"257":{"start":{"line":258,"column":0},"end":{"line":258,"column":86}},"258":{"start":{"line":259,"column":0},"end":{"line":259,"column":3}},"259":{"start":{"line":260,"column":0},"end":{"line":260,"column":17}},"260":{"start":{"line":261,"column":0},"end":{"line":261,"column":49}},"261":{"start":{"line":262,"column":0},"end":{"line":262,"column":63}},"262":{"start":{"line":263,"column":0},"end":{"line":263,"column":15}},"263":{"start":{"line":264,"column":0},"end":{"line":264,"column":1}},"274":{"start":{"line":275,"column":0},"end":{"line":275,"column":77}},"275":{"start":{"line":276,"column":0},"end":{"line":276,"column":30}},"276":{"start":{"line":277,"column":0},"end":{"line":277,"column":7}},"277":{"start":{"line":278,"column":0},"end":{"line":278,"column":49}},"278":{"start":{"line":279,"column":0},"end":{"line":279,"column":40}},"280":{"start":{"line":281,"column":0},"end":{"line":281,"column":15}},"281":{"start":{"line":282,"column":0},"end":{"line":282,"column":18}},"282":{"start":{"line":283,"column":0},"end":{"line":283,"column":55}},"285":{"start":{"line":286,"column":0},"end":{"line":286,"column":8}},"286":{"start":{"line":287,"column":0},"end":{"line":287,"column":37}},"287":{"start":{"line":288,"column":0},"end":{"line":288,"column":5}},"290":{"start":{"line":291,"column":0},"end":{"line":291,"column":82}},"291":{"start":{"line":292,"column":0},"end":{"line":292,"column":11}},"292":{"start":{"line":293,"column":0},"end":{"line":293,"column":37}},"293":{"start":{"line":294,"column":0},"end":{"line":294,"column":15}},"295":{"start":{"line":296,"column":0},"end":{"line":296,"column":7}},"296":{"start":{"line":297,"column":0},"end":{"line":297,"column":5}},"299":{"start":{"line":300,"column":0},"end":{"line":300,"column":40}},"300":{"start":{"line":301,"column":0},"end":{"line":301,"column":72}},"301":{"start":{"line":302,"column":0},"end":{"line":302,"column":53}},"302":{"start":{"line":303,"column":0},"end":{"line":303,"column":20}},"303":{"start":{"line":304,"column":0},"end":{"line":304,"column":59}},"304":{"start":{"line":305,"column":0},"end":{"line":305,"column":72}},"305":{"start":{"line":306,"column":0},"end":{"line":306,"column":10}},"306":{"start":{"line":307,"column":0},"end":{"line":307,"column":39}},"307":{"start":{"line":308,"column":0},"end":{"line":308,"column":7}},"308":{"start":{"line":309,"column":0},"end":{"line":309,"column":5}},"310":{"start":{"line":311,"column":0},"end":{"line":311,"column":59}},"312":{"start":{"line":313,"column":0},"end":{"line":313,"column":23}},"313":{"start":{"line":314,"column":0},"end":{"line":314,"column":43}},"314":{"start":{"line":315,"column":0},"end":{"line":315,"column":12}},"315":{"start":{"line":316,"column":0},"end":{"line":316,"column":49}},"316":{"start":{"line":317,"column":0},"end":{"line":317,"column":5}},"318":{"start":{"line":319,"column":0},"end":{"line":319,"column":35}},"319":{"start":{"line":320,"column":0},"end":{"line":320,"column":17}},"320":{"start":{"line":321,"column":0},"end":{"line":321,"column":69}},"321":{"start":{"line":322,"column":0},"end":{"line":322,"column":56}},"322":{"start":{"line":323,"column":0},"end":{"line":323,"column":35}},"323":{"start":{"line":324,"column":0},"end":{"line":324,"column":3}},"324":{"start":{"line":325,"column":0},"end":{"line":325,"column":1}},"333":{"start":{"line":334,"column":0},"end":{"line":334,"column":83}},"334":{"start":{"line":335,"column":0},"end":{"line":335,"column":59}},"338":{"start":{"line":339,"column":0},"end":{"line":339,"column":59}},"339":{"start":{"line":340,"column":0},"end":{"line":340,"column":37}},"340":{"start":{"line":341,"column":0},"end":{"line":341,"column":22}},"341":{"start":{"line":342,"column":0},"end":{"line":342,"column":3}},"342":{"start":{"line":343,"column":0},"end":{"line":343,"column":30}},"343":{"start":{"line":344,"column":0},"end":{"line":344,"column":75}},"344":{"start":{"line":345,"column":0},"end":{"line":345,"column":3}},"345":{"start":{"line":346,"column":0},"end":{"line":346,"column":1}},"355":{"start":{"line":356,"column":0},"end":{"line":356,"column":42}},"356":{"start":{"line":357,"column":0},"end":{"line":357,"column":28}},"358":{"start":{"line":359,"column":0},"end":{"line":359,"column":5}},"359":{"start":{"line":360,"column":0},"end":{"line":360,"column":20}},"360":{"start":{"line":361,"column":0},"end":{"line":361,"column":79}},"361":{"start":{"line":362,"column":0},"end":{"line":362,"column":73}},"363":{"start":{"line":364,"column":0},"end":{"line":364,"column":5}},"364":{"start":{"line":365,"column":0},"end":{"line":365,"column":23}},"365":{"start":{"line":366,"column":0},"end":{"line":366,"column":79}},"366":{"start":{"line":367,"column":0},"end":{"line":367,"column":85}},"367":{"start":{"line":368,"column":0},"end":{"line":368,"column":48}},"368":{"start":{"line":369,"column":0},"end":{"line":369,"column":47}},"369":{"start":{"line":370,"column":0},"end":{"line":370,"column":55}},"370":{"start":{"line":371,"column":0},"end":{"line":371,"column":7}},"372":{"start":{"line":373,"column":0},"end":{"line":373,"column":5}},"373":{"start":{"line":374,"column":0},"end":{"line":374,"column":20}},"374":{"start":{"line":375,"column":0},"end":{"line":375,"column":77}},"375":{"start":{"line":376,"column":0},"end":{"line":376,"column":85}},"376":{"start":{"line":377,"column":0},"end":{"line":377,"column":12}},"377":{"start":{"line":378,"column":0},"end":{"line":378,"column":30}},"378":{"start":{"line":379,"column":0},"end":{"line":379,"column":81}},"380":{"start":{"line":381,"column":0},"end":{"line":381,"column":5}},"381":{"start":{"line":382,"column":0},"end":{"line":382,"column":70}},"382":{"start":{"line":383,"column":0},"end":{"line":383,"column":86}},"383":{"start":{"line":384,"column":0},"end":{"line":384,"column":36}},"384":{"start":{"line":385,"column":0},"end":{"line":385,"column":25}},"385":{"start":{"line":386,"column":0},"end":{"line":386,"column":36}},"386":{"start":{"line":387,"column":0},"end":{"line":387,"column":27}},"387":{"start":{"line":388,"column":0},"end":{"line":388,"column":9}},"388":{"start":{"line":389,"column":0},"end":{"line":389,"column":52}},"389":{"start":{"line":390,"column":0},"end":{"line":390,"column":7}},"391":{"start":{"line":392,"column":0},"end":{"line":392,"column":13}},"392":{"start":{"line":393,"column":0},"end":{"line":393,"column":1}},"398":{"start":{"line":399,"column":0},"end":{"line":399,"column":48}},"411":{"start":{"line":412,"column":0},"end":{"line":412,"column":41}},"412":{"start":{"line":413,"column":0},"end":{"line":413,"column":7}},"413":{"start":{"line":414,"column":0},"end":{"line":414,"column":75}},"414":{"start":{"line":415,"column":0},"end":{"line":415,"column":59}},"415":{"start":{"line":416,"column":0},"end":{"line":416,"column":11}},"416":{"start":{"line":417,"column":0},"end":{"line":417,"column":17}},"417":{"start":{"line":418,"column":0},"end":{"line":418,"column":3}},"418":{"start":{"line":419,"column":0},"end":{"line":419,"column":1}},"424":{"start":{"line":425,"column":0},"end":{"line":425,"column":21}},"425":{"start":{"line":426,"column":0},"end":{"line":426,"column":51}},"426":{"start":{"line":427,"column":0},"end":{"line":427,"column":63}},"427":{"start":{"line":428,"column":0},"end":{"line":428,"column":20}},"428":{"start":{"line":429,"column":0},"end":{"line":429,"column":5}},"429":{"start":{"line":430,"column":0},"end":{"line":430,"column":1}}},"s":{"22":1,"23":1,"24":1,"30":1,"49":31,"50":31,"51":31,"52":31,"53":31,"63":17,"64":17,"65":17,"66":17,"67":1,"68":1,"69":14,"70":14,"87":13,"88":13,"89":13,"90":13,"91":13,"93":13,"95":13,"96":13,"97":2,"98":2,"100":2,"101":2,"102":2,"104":13,"105":1,"106":1,"108":1,"109":1,"110":1,"113":13,"114":7,"115":7,"116":7,"117":10,"118":10,"119":7,"124":13,"125":13,"126":2,"127":2,"128":13,"129":1,"130":1,"133":7,"134":13,"135":6,"136":6,"137":9,"138":9,"139":9,"140":13,"141":1,"142":1,"143":1,"145":1,"146":1,"148":7,"149":7,"150":13,"151":3,"152":3,"153":3,"154":3,"155":13,"187":11,"188":11,"189":11,"191":11,"192":11,"193":11,"194":11,"195":11,"196":11,"200":11,"201":11,"202":11,"203":11,"204":20,"205":10,"206":10,"207":10,"208":10,"209":10,"210":10,"211":20,"212":11,"213":11,"215":0,"217":11,"218":20,"219":20,"221":20,"222":20,"224":20,"225":20,"226":20,"227":16,"228":16,"230":17,"231":17,"232":17,"233":17,"234":17,"235":17,"236":17,"237":17,"239":11,"240":11,"245":5,"246":5,"247":5,"248":5,"249":5,"250":5,"251":9,"252":4,"253":5,"254":4,"255":1,"256":9,"257":9,"258":9,"259":5,"260":5,"261":5,"262":5,"263":5,"274":18,"275":18,"276":18,"277":18,"278":17,"280":18,"281":3,"282":3,"285":3,"286":3,"287":3,"290":18,"291":1,"292":1,"293":1,"295":0,"296":1,"299":18,"300":6,"301":6,"302":3,"303":3,"304":3,"305":3,"306":3,"307":3,"308":6,"310":11,"312":18,"313":6,"314":18,"315":5,"316":5,"318":11,"319":18,"320":1,"321":1,"322":1,"323":1,"324":18,"333":5,"334":5,"338":5,"339":5,"340":13,"341":13,"342":5,"343":2,"344":2,"345":5,"355":1,"356":13,"358":13,"359":13,"360":13,"361":13,"363":13,"364":13,"365":13,"366":13,"367":13,"368":2,"369":2,"370":13,"372":13,"373":13,"374":13,"375":13,"376":13,"377":13,"378":13,"380":13,"381":13,"382":13,"383":3,"384":3,"385":3,"386":3,"387":3,"388":3,"389":13,"391":13,"392":13,"398":1,"411":1,"412":2,"413":2,"414":2,"415":2,"416":0,"417":0,"418":2,"424":1,"425":0,"426":0,"427":0,"428":0,"429":0},"branchMap":{"0":{"type":"branch","line":425,"loc":{"start":{"line":425,"column":20},"end":{"line":430,"column":1}},"locations":[{"start":{"line":425,"column":20},"end":{"line":430,"column":1}}]},"1":{"type":"branch","line":50,"loc":{"start":{"line":50,"column":0},"end":{"line":54,"column":1}},"locations":[{"start":{"line":50,"column":0},"end":{"line":54,"column":1}}]},"2":{"type":"branch","line":64,"loc":{"start":{"line":64,"column":0},"end":{"line":71,"column":1}},"locations":[{"start":{"line":64,"column":0},"end":{"line":71,"column":1}}]},"3":{"type":"branch","line":65,"loc":{"start":{"line":65,"column":19},"end":{"line":65,"column":39}},"locations":[{"start":{"line":65,"column":19},"end":{"line":65,"column":39}}]},"4":{"type":"branch","line":66,"loc":{"start":{"line":66,"column":12},"end":{"line":66,"column":24}},"locations":[{"start":{"line":66,"column":12},"end":{"line":66,"column":24}}]},"5":{"type":"branch","line":66,"loc":{"start":{"line":66,"column":19},"end":{"line":67,"column":68}},"locations":[{"start":{"line":66,"column":19},"end":{"line":67,"column":68}}]},"6":{"type":"branch","line":67,"loc":{"start":{"line":67,"column":68},"end":{"line":69,"column":3}},"locations":[{"start":{"line":67,"column":68},"end":{"line":69,"column":3}}]},"7":{"type":"branch","line":69,"loc":{"start":{"line":69,"column":2},"end":{"line":71,"column":1}},"locations":[{"start":{"line":69,"column":2},"end":{"line":71,"column":1}}]},"8":{"type":"branch","line":88,"loc":{"start":{"line":88,"column":0},"end":{"line":156,"column":1}},"locations":[{"start":{"line":88,"column":0},"end":{"line":156,"column":1}}]},"9":{"type":"branch","line":94,"loc":{"start":{"line":94,"column":47},"end":{"line":96,"column":32}},"locations":[{"start":{"line":94,"column":47},"end":{"line":96,"column":32}}]},"10":{"type":"branch","line":96,"loc":{"start":{"line":96,"column":21},"end":{"line":96,"column":41}},"locations":[{"start":{"line":96,"column":21},"end":{"line":96,"column":41}}]},"11":{"type":"branch","line":97,"loc":{"start":{"line":97,"column":14},"end":{"line":103,"column":5}},"locations":[{"start":{"line":97,"column":14},"end":{"line":103,"column":5}}]},"12":{"type":"branch","line":103,"loc":{"start":{"line":103,"column":4},"end":{"line":105,"column":70}},"locations":[{"start":{"line":103,"column":4},"end":{"line":105,"column":70}}]},"13":{"type":"branch","line":105,"loc":{"start":{"line":105,"column":70},"end":{"line":111,"column":5}},"locations":[{"start":{"line":105,"column":70},"end":{"line":111,"column":5}}]},"14":{"type":"branch","line":111,"loc":{"start":{"line":111,"column":4},"end":{"line":114,"column":47}},"locations":[{"start":{"line":111,"column":4},"end":{"line":114,"column":47}}]},"15":{"type":"branch","line":114,"loc":{"start":{"line":114,"column":60},"end":{"line":125,"column":35}},"locations":[{"start":{"line":114,"column":60},"end":{"line":125,"column":35}}]},"16":{"type":"branch","line":117,"loc":{"start":{"line":117,"column":37},"end":{"line":119,"column":7}},"locations":[{"start":{"line":117,"column":37},"end":{"line":119,"column":7}}]},"17":{"type":"branch","line":125,"loc":{"start":{"line":125,"column":24},"end":{"line":125,"column":56}},"locations":[{"start":{"line":125,"column":24},"end":{"line":125,"column":56}}]},"18":{"type":"branch","line":126,"loc":{"start":{"line":126,"column":17},"end":{"line":129,"column":15}},"locations":[{"start":{"line":126,"column":17},"end":{"line":129,"column":15}}]},"19":{"type":"branch","line":127,"loc":{"start":{"line":127,"column":45},"end":{"line":127,"column":59}},"locations":[{"start":{"line":127,"column":45},"end":{"line":127,"column":59}}]},"20":{"type":"branch","line":127,"loc":{"start":{"line":127,"column":49},"end":{"line":127,"column":69}},"locations":[{"start":{"line":127,"column":49},"end":{"line":127,"column":69}}]},"21":{"type":"branch","line":129,"loc":{"start":{"line":129,"column":4},"end":{"line":131,"column":5}},"locations":[{"start":{"line":129,"column":4},"end":{"line":131,"column":5}}]},"22":{"type":"branch","line":129,"loc":{"start":{"line":129,"column":36},"end":{"line":131,"column":5}},"locations":[{"start":{"line":129,"column":36},"end":{"line":131,"column":5}}]},"23":{"type":"branch","line":131,"loc":{"start":{"line":131,"column":4},"end":{"line":135,"column":55}},"locations":[{"start":{"line":131,"column":4},"end":{"line":135,"column":55}}]},"24":{"type":"branch","line":135,"loc":{"start":{"line":135,"column":55},"end":{"line":141,"column":11}},"locations":[{"start":{"line":135,"column":55},"end":{"line":141,"column":11}}]},"25":{"type":"branch","line":137,"loc":{"start":{"line":137,"column":56},"end":{"line":140,"column":7}},"locations":[{"start":{"line":137,"column":56},"end":{"line":140,"column":7}}]},"26":{"type":"branch","line":138,"loc":{"start":{"line":138,"column":35},"end":{"line":138,"column":52}},"locations":[{"start":{"line":138,"column":35},"end":{"line":138,"column":52}}]},"27":{"type":"branch","line":138,"loc":{"start":{"line":138,"column":42},"end":{"line":138,"column":62}},"locations":[{"start":{"line":138,"column":42},"end":{"line":138,"column":62}}]},"28":{"type":"branch","line":141,"loc":{"start":{"line":141,"column":4},"end":{"line":147,"column":5}},"locations":[{"start":{"line":141,"column":4},"end":{"line":147,"column":5}}]},"29":{"type":"branch","line":147,"loc":{"start":{"line":147,"column":4},"end":{"line":151,"column":11}},"locations":[{"start":{"line":147,"column":4},"end":{"line":151,"column":11}}]},"30":{"type":"branch","line":151,"loc":{"start":{"line":151,"column":2},"end":{"line":155,"column":3}},"locations":[{"start":{"line":151,"column":2},"end":{"line":155,"column":3}}]},"31":{"type":"branch","line":152,"loc":{"start":{"line":152,"column":35},"end":{"line":152,"column":57}},"locations":[{"start":{"line":152,"column":35},"end":{"line":152,"column":57}}]},"32":{"type":"branch","line":152,"loc":{"start":{"line":152,"column":47},"end":{"line":152,"column":69}},"locations":[{"start":{"line":152,"column":47},"end":{"line":152,"column":69}}]},"33":{"type":"branch","line":188,"loc":{"start":{"line":188,"column":0},"end":{"line":241,"column":1}},"locations":[{"start":{"line":188,"column":0},"end":{"line":241,"column":1}}]},"34":{"type":"branch","line":189,"loc":{"start":{"line":189,"column":48},"end":{"line":189,"column":68}},"locations":[{"start":{"line":189,"column":48},"end":{"line":189,"column":68}}]},"35":{"type":"branch","line":202,"loc":{"start":{"line":202,"column":35},"end":{"line":202,"column":50}},"locations":[{"start":{"line":202,"column":35},"end":{"line":202,"column":50}}]},"36":{"type":"branch","line":204,"loc":{"start":{"line":204,"column":36},"end":{"line":212,"column":5}},"locations":[{"start":{"line":204,"column":36},"end":{"line":212,"column":5}}]},"37":{"type":"branch","line":205,"loc":{"start":{"line":205,"column":35},"end":{"line":205,"column":50}},"locations":[{"start":{"line":205,"column":35},"end":{"line":205,"column":50}}]},"38":{"type":"branch","line":205,"loc":{"start":{"line":205,"column":50},"end":{"line":211,"column":7}},"locations":[{"start":{"line":205,"column":50},"end":{"line":211,"column":7}}]},"39":{"type":"branch","line":207,"loc":{"start":{"line":207,"column":35},"end":{"line":207,"column":67}},"locations":[{"start":{"line":207,"column":35},"end":{"line":207,"column":67}}]},"40":{"type":"branch","line":209,"loc":{"start":{"line":209,"column":40},"end":{"line":209,"column":62}},"locations":[{"start":{"line":209,"column":40},"end":{"line":209,"column":62}}]},"41":{"type":"branch","line":214,"loc":{"start":{"line":214,"column":2},"end":{"line":216,"column":3}},"locations":[{"start":{"line":214,"column":2},"end":{"line":216,"column":3}}]},"42":{"type":"branch","line":218,"loc":{"start":{"line":218,"column":49},"end":{"line":238,"column":3}},"locations":[{"start":{"line":218,"column":49},"end":{"line":238,"column":3}}]},"43":{"type":"branch","line":220,"loc":{"start":{"line":220,"column":24},"end":{"line":220,"column":60}},"locations":[{"start":{"line":220,"column":24},"end":{"line":220,"column":60}}]},"44":{"type":"branch","line":220,"loc":{"start":{"line":220,"column":60},"end":{"line":220,"column":69}},"locations":[{"start":{"line":220,"column":60},"end":{"line":220,"column":69}}]},"45":{"type":"branch","line":220,"loc":{"start":{"line":220,"column":60},"end":{"line":222,"column":41}},"locations":[{"start":{"line":220,"column":60},"end":{"line":222,"column":41}}]},"46":{"type":"branch","line":223,"loc":{"start":{"line":223,"column":23},"end":{"line":223,"column":38}},"locations":[{"start":{"line":223,"column":23},"end":{"line":223,"column":38}}]},"47":{"type":"branch","line":223,"loc":{"start":{"line":223,"column":31},"end":{"line":223,"column":48}},"locations":[{"start":{"line":223,"column":31},"end":{"line":223,"column":48}}]},"48":{"type":"branch","line":223,"loc":{"start":{"line":223,"column":38},"end":{"line":223,"column":53}},"locations":[{"start":{"line":223,"column":38},"end":{"line":223,"column":53}}]},"49":{"type":"branch","line":226,"loc":{"start":{"line":226,"column":27},"end":{"line":226,"column":51}},"locations":[{"start":{"line":226,"column":27},"end":{"line":226,"column":51}}]},"50":{"type":"branch","line":227,"loc":{"start":{"line":227,"column":8},"end":{"line":227,"column":57}},"locations":[{"start":{"line":227,"column":8},"end":{"line":227,"column":57}}]},"51":{"type":"branch","line":227,"loc":{"start":{"line":227,"column":57},"end":{"line":229,"column":5}},"locations":[{"start":{"line":227,"column":57},"end":{"line":229,"column":5}}]},"52":{"type":"branch","line":229,"loc":{"start":{"line":229,"column":4},"end":{"line":238,"column":3}},"locations":[{"start":{"line":229,"column":4},"end":{"line":238,"column":3}}]},"53":{"type":"branch","line":246,"loc":{"start":{"line":246,"column":0},"end":{"line":264,"column":1}},"locations":[{"start":{"line":246,"column":0},"end":{"line":264,"column":1}}]},"54":{"type":"branch","line":251,"loc":{"start":{"line":251,"column":36},"end":{"line":259,"column":3}},"locations":[{"start":{"line":251,"column":36},"end":{"line":259,"column":3}}]},"55":{"type":"branch","line":252,"loc":{"start":{"line":252,"column":18},"end":{"line":253,"column":19}},"locations":[{"start":{"line":252,"column":18},"end":{"line":253,"column":19}}]},"56":{"type":"branch","line":253,"loc":{"start":{"line":253,"column":8},"end":{"line":256,"column":13}},"locations":[{"start":{"line":253,"column":8},"end":{"line":256,"column":13}}]},"57":{"type":"branch","line":254,"loc":{"start":{"line":254,"column":10},"end":{"line":255,"column":21}},"locations":[{"start":{"line":254,"column":10},"end":{"line":255,"column":21}}]},"58":{"type":"branch","line":255,"loc":{"start":{"line":255,"column":10},"end":{"line":256,"column":13}},"locations":[{"start":{"line":255,"column":10},"end":{"line":256,"column":13}}]},"59":{"type":"branch","line":257,"loc":{"start":{"line":257,"column":36},"end":{"line":257,"column":55}},"locations":[{"start":{"line":257,"column":36},"end":{"line":257,"column":55}}]},"60":{"type":"branch","line":257,"loc":{"start":{"line":257,"column":43},"end":{"line":257,"column":73}},"locations":[{"start":{"line":257,"column":43},"end":{"line":257,"column":73}}]},"61":{"type":"branch","line":275,"loc":{"start":{"line":275,"column":0},"end":{"line":325,"column":1}},"locations":[{"start":{"line":275,"column":0},"end":{"line":325,"column":1}}]},"62":{"type":"branch","line":278,"loc":{"start":{"line":278,"column":47},"end":{"line":281,"column":14}},"locations":[{"start":{"line":278,"column":47},"end":{"line":281,"column":14}}]},"63":{"type":"branch","line":281,"loc":{"start":{"line":281,"column":14},"end":{"line":288,"column":5}},"locations":[{"start":{"line":281,"column":14},"end":{"line":288,"column":5}}]},"64":{"type":"branch","line":288,"loc":{"start":{"line":288,"column":4},"end":{"line":291,"column":31}},"locations":[{"start":{"line":288,"column":4},"end":{"line":291,"column":31}}]},"65":{"type":"branch","line":291,"loc":{"start":{"line":291,"column":12},"end":{"line":291,"column":81}},"locations":[{"start":{"line":291,"column":12},"end":{"line":291,"column":81}}]},"66":{"type":"branch","line":291,"loc":{"start":{"line":291,"column":81},"end":{"line":297,"column":5}},"locations":[{"start":{"line":291,"column":81},"end":{"line":297,"column":5}}]},"67":{"type":"branch","line":294,"loc":{"start":{"line":294,"column":6},"end":{"line":296,"column":7}},"locations":[{"start":{"line":294,"column":6},"end":{"line":296,"column":7}}]},"68":{"type":"branch","line":297,"loc":{"start":{"line":297,"column":4},"end":{"line":300,"column":39}},"locations":[{"start":{"line":297,"column":4},"end":{"line":300,"column":39}}]},"69":{"type":"branch","line":300,"loc":{"start":{"line":300,"column":39},"end":{"line":309,"column":5}},"locations":[{"start":{"line":300,"column":39},"end":{"line":309,"column":5}}]},"70":{"type":"branch","line":301,"loc":{"start":{"line":301,"column":52},"end":{"line":301,"column":72}},"locations":[{"start":{"line":301,"column":52},"end":{"line":301,"column":72}}]},"71":{"type":"branch","line":302,"loc":{"start":{"line":302,"column":52},"end":{"line":308,"column":7}},"locations":[{"start":{"line":302,"column":52},"end":{"line":308,"column":7}}]},"72":{"type":"branch","line":305,"loc":{"start":{"line":305,"column":56},"end":{"line":305,"column":69}},"locations":[{"start":{"line":305,"column":56},"end":{"line":305,"column":69}}]},"73":{"type":"branch","line":309,"loc":{"start":{"line":309,"column":4},"end":{"line":313,"column":22}},"locations":[{"start":{"line":309,"column":4},"end":{"line":313,"column":22}}]},"74":{"type":"branch","line":313,"loc":{"start":{"line":313,"column":22},"end":{"line":315,"column":11}},"locations":[{"start":{"line":313,"column":22},"end":{"line":315,"column":11}}]},"75":{"type":"branch","line":315,"loc":{"start":{"line":315,"column":4},"end":{"line":317,"column":5}},"locations":[{"start":{"line":315,"column":4},"end":{"line":317,"column":5}}]},"76":{"type":"branch","line":317,"loc":{"start":{"line":317,"column":4},"end":{"line":320,"column":11}},"locations":[{"start":{"line":317,"column":4},"end":{"line":320,"column":11}}]},"77":{"type":"branch","line":320,"loc":{"start":{"line":320,"column":2},"end":{"line":324,"column":3}},"locations":[{"start":{"line":320,"column":2},"end":{"line":324,"column":3}}]},"78":{"type":"branch","line":321,"loc":{"start":{"line":321,"column":47},"end":{"line":321,"column":69}},"locations":[{"start":{"line":321,"column":47},"end":{"line":321,"column":69}}]},"79":{"type":"branch","line":334,"loc":{"start":{"line":334,"column":0},"end":{"line":346,"column":1}},"locations":[{"start":{"line":334,"column":0},"end":{"line":346,"column":1}}]},"80":{"type":"branch","line":339,"loc":{"start":{"line":339,"column":35},"end":{"line":339,"column":50}},"locations":[{"start":{"line":339,"column":35},"end":{"line":339,"column":50}}]},"81":{"type":"branch","line":339,"loc":{"start":{"line":339,"column":39},"end":{"line":339,"column":59}},"locations":[{"start":{"line":339,"column":39},"end":{"line":339,"column":59}}]},"82":{"type":"branch","line":340,"loc":{"start":{"line":340,"column":36},"end":{"line":342,"column":3}},"locations":[{"start":{"line":340,"column":36},"end":{"line":342,"column":3}}]},"83":{"type":"branch","line":343,"loc":{"start":{"line":343,"column":29},"end":{"line":345,"column":3}},"locations":[{"start":{"line":343,"column":29},"end":{"line":345,"column":3}}]},"84":{"type":"branch","line":356,"loc":{"start":{"line":356,"column":7},"end":{"line":393,"column":1}},"locations":[{"start":{"line":356,"column":7},"end":{"line":393,"column":1}}]},"85":{"type":"branch","line":368,"loc":{"start":{"line":368,"column":12},"end":{"line":371,"column":5}},"locations":[{"start":{"line":368,"column":12},"end":{"line":371,"column":5}}]},"86":{"type":"branch","line":383,"loc":{"start":{"line":383,"column":12},"end":{"line":390,"column":5}},"locations":[{"start":{"line":383,"column":12},"end":{"line":390,"column":5}}]},"87":{"type":"branch","line":412,"loc":{"start":{"line":412,"column":7},"end":{"line":419,"column":1}},"locations":[{"start":{"line":412,"column":7},"end":{"line":419,"column":1}}]},"88":{"type":"branch","line":414,"loc":{"start":{"line":414,"column":62},"end":{"line":414,"column":75}},"locations":[{"start":{"line":414,"column":62},"end":{"line":414,"column":75}}]},"89":{"type":"branch","line":416,"loc":{"start":{"line":416,"column":2},"end":{"line":418,"column":3}},"locations":[{"start":{"line":416,"column":2},"end":{"line":418,"column":3}}]}},"b":{"0":[0],"1":[31],"2":[17],"3":[8],"4":[2],"5":[15],"6":[1],"7":[14],"8":[13],"9":[10],"10":[8],"11":[2],"12":[8],"13":[1],"14":[7],"15":[7],"16":[10],"17":[5],"18":[2],"19":[1],"20":[1],"21":[5],"22":[1],"23":[7],"24":[6],"25":[9],"26":[8],"27":[1],"28":[1],"29":[7],"30":[3],"31":[2],"32":[1],"33":[11],"34":[0],"35":[0],"36":[20],"37":[1],"38":[10],"39":[1],"40":[9],"41":[0],"42":[20],"43":[6],"44":[3],"45":[17],"46":[16],"47":[15],"48":[2],"49":[17],"50":[17],"51":[16],"52":[17],"53":[5],"54":[9],"55":[4],"56":[5],"57":[4],"58":[1],"59":[1],"60":[8],"61":[18],"62":[17],"63":[3],"64":[14],"65":[1],"66":[1],"67":[0],"68":[14],"69":[6],"70":[0],"71":[3],"72":[0],"73":[11],"74":[6],"75":[5],"76":[11],"77":[1],"78":[0],"79":[5],"80":[3],"81":[2],"82":[13],"83":[2],"84":[13],"85":[2],"86":[3],"87":[2],"88":[0],"89":[0]},"fnMap":{"0":{"name":"loadAppModule","decl":{"start":{"line":50,"column":0},"end":{"line":54,"column":1}},"loc":{"start":{"line":50,"column":0},"end":{"line":54,"column":1}},"line":50},"1":{"name":"resolveAppInstance","decl":{"start":{"line":64,"column":0},"end":{"line":71,"column":1}},"loc":{"start":{"line":64,"column":0},"end":{"line":71,"column":1}},"line":64},"2":{"name":"runCodegen","decl":{"start":{"line":88,"column":0},"end":{"line":156,"column":1}},"loc":{"start":{"line":88,"column":0},"end":{"line":156,"column":1}},"line":88},"3":{"name":"buildInfoPayload","decl":{"start":{"line":188,"column":0},"end":{"line":241,"column":1}},"loc":{"start":{"line":188,"column":0},"end":{"line":241,"column":1}},"line":188},"4":{"name":"renderInfoPayload","decl":{"start":{"line":246,"column":0},"end":{"line":264,"column":1}},"loc":{"start":{"line":246,"column":0},"end":{"line":264,"column":1}},"line":246},"5":{"name":"runInfo","decl":{"start":{"line":275,"column":0},"end":{"line":325,"column":1}},"loc":{"start":{"line":275,"column":0},"end":{"line":325,"column":1}},"line":275},"6":{"name":"emitResult","decl":{"start":{"line":334,"column":0},"end":{"line":346,"column":1}},"loc":{"start":{"line":334,"column":0},"end":{"line":346,"column":1}},"line":334},"7":{"name":"createProgram","decl":{"start":{"line":356,"column":7},"end":{"line":393,"column":1}},"loc":{"start":{"line":356,"column":7},"end":{"line":393,"column":1}},"line":356},"8":{"name":"isMainModule","decl":{"start":{"line":412,"column":7},"end":{"line":419,"column":1}},"loc":{"start":{"line":412,"column":7},"end":{"line":419,"column":1}},"line":412}},"f":{"0":31,"1":17,"2":13,"3":11,"4":5,"5":18,"6":5,"7":13,"8":2}}
}
