<?xml version="1.0" encoding="UTF-8"?>
<coverage generated="1775843430542" clover="3.2.0">
  <project timestamp="1775843430542" name="All files">
    <metrics statements="592" coveredstatements="573" conditionals="186" coveredconditionals="168" methods="18" coveredmethods="18" elements="796" coveredelements="759" complexity="0" loc="592" ncloc="592" packages="1" files="1" classes="1"/>
    <file name="cli.ts" path="/Volumes/code/kirafin/tsadwyn/src/cli.ts">
      <metrics statements="592" coveredstatements="573" conditionals="186" coveredconditionals="168" methods="18" coveredmethods="18"/>
      <line num="23" count="1" type="stmt"/>
      <line num="24" count="1" type="stmt"/>
      <line num="25" count="1" type="stmt"/>
      <line num="26" count="1" type="stmt"/>
      <line num="32" count="1" type="stmt"/>
      <line num="51" count="31" type="cond" truecount="1" falsecount="0"/>
      <line num="52" count="31" type="stmt"/>
      <line num="53" count="31" type="stmt"/>
      <line num="54" count="31" type="stmt"/>
      <line num="55" count="31" type="stmt"/>
      <line num="65" count="17" type="cond" truecount="1" falsecount="0"/>
      <line num="66" count="17" type="cond" truecount="1" falsecount="0"/>
      <line num="67" count="17" type="cond" truecount="2" falsecount="0"/>
      <line num="68" count="17" type="cond" truecount="1" falsecount="0"/>
      <line num="69" count="1" type="stmt"/>
      <line num="70" count="1" type="cond" truecount="1" falsecount="0"/>
      <line num="71" count="14" type="stmt"/>
      <line num="72" count="14" type="stmt"/>
      <line num="89" count="13" type="cond" truecount="1" falsecount="0"/>
      <line num="90" count="13" type="stmt"/>
      <line num="91" count="13" type="stmt"/>
      <line num="92" count="13" type="stmt"/>
      <line num="93" count="13" type="stmt"/>
      <line num="95" count="13" type="cond" truecount="1" falsecount="0"/>
      <line num="97" count="13" type="cond" truecount="1" falsecount="0"/>
      <line num="98" count="13" type="cond" truecount="1" falsecount="0"/>
      <line num="99" count="2" type="stmt"/>
      <line num="100" count="2" type="stmt"/>
      <line num="102" count="2" type="stmt"/>
      <line num="103" count="2" type="stmt"/>
      <line num="104" count="2" type="cond" truecount="1" falsecount="0"/>
      <line num="106" count="13" type="cond" truecount="1" falsecount="0"/>
      <line num="107" count="1" type="stmt"/>
      <line num="108" count="1" type="stmt"/>
      <line num="110" count="1" type="stmt"/>
      <line num="111" count="1" type="stmt"/>
      <line num="112" count="1" type="cond" truecount="1" falsecount="0"/>
      <line num="115" count="13" type="cond" truecount="1" falsecount="0"/>
      <line num="116" count="7" type="stmt"/>
      <line num="117" count="7" type="stmt"/>
      <line num="118" count="7" type="cond" truecount="1" falsecount="0"/>
      <line num="119" count="10" type="stmt"/>
      <line num="120" count="10" type="stmt"/>
      <line num="121" count="7" type="stmt"/>
      <line num="126" count="13" type="cond" truecount="1" falsecount="0"/>
      <line num="127" count="13" type="cond" truecount="1" falsecount="0"/>
      <line num="128" count="2" type="cond" truecount="2" falsecount="0"/>
      <line num="129" count="2" type="stmt"/>
      <line num="130" count="13" type="cond" truecount="2" falsecount="0"/>
      <line num="131" count="1" type="stmt"/>
      <line num="132" count="1" type="cond" truecount="1" falsecount="0"/>
      <line num="135" count="7" type="stmt"/>
      <line num="136" count="13" type="cond" truecount="1" falsecount="0"/>
      <line num="137" count="6" type="stmt"/>
      <line num="138" count="6" type="cond" truecount="1" falsecount="0"/>
      <line num="139" count="9" type="cond" truecount="2" falsecount="0"/>
      <line num="140" count="9" type="stmt"/>
      <line num="141" count="9" type="stmt"/>
      <line num="142" count="13" type="cond" truecount="1" falsecount="0"/>
      <line num="143" count="1" type="stmt"/>
      <line num="144" count="1" type="stmt"/>
      <line num="145" count="1" type="stmt"/>
      <line num="147" count="1" type="stmt"/>
      <line num="148" count="1" type="cond" truecount="1" falsecount="0"/>
      <line num="150" count="7" type="stmt"/>
      <line num="151" count="7" type="stmt"/>
      <line num="152" count="13" type="cond" truecount="1" falsecount="0"/>
      <line num="153" count="3" type="cond" truecount="2" falsecount="0"/>
      <line num="154" count="3" type="stmt"/>
      <line num="155" count="3" type="stmt"/>
      <line num="156" count="3" type="stmt"/>
      <line num="157" count="13" type="stmt"/>
      <line num="189" count="11" type="cond" truecount="1" falsecount="0"/>
      <line num="190" count="11" type="cond" truecount="0" falsecount="1"/>
      <line num="191" count="11" type="stmt"/>
      <line num="193" count="11" type="stmt"/>
      <line num="194" count="11" type="stmt"/>
      <line num="195" count="11" type="stmt"/>
      <line num="196" count="11" type="stmt"/>
      <line num="197" count="11" type="stmt"/>
      <line num="198" count="11" type="stmt"/>
      <line num="202" count="11" type="stmt"/>
      <line num="203" count="11" type="cond" truecount="0" falsecount="1"/>
      <line num="204" count="11" type="stmt"/>
      <line num="205" count="11" type="cond" truecount="1" falsecount="0"/>
      <line num="206" count="20" type="cond" truecount="2" falsecount="0"/>
      <line num="207" count="10" type="stmt"/>
      <line num="208" count="10" type="cond" truecount="1" falsecount="0"/>
      <line num="209" count="10" type="stmt"/>
      <line num="210" count="10" type="cond" truecount="1" falsecount="0"/>
      <line num="211" count="10" type="stmt"/>
      <line num="212" count="10" type="stmt"/>
      <line num="213" count="20" type="stmt"/>
      <line num="214" count="11" type="stmt"/>
      <line num="215" count="11" type="cond" truecount="0" falsecount="1"/>
      <line num="217" count="0" type="stmt"/>
      <line num="219" count="11" type="cond" truecount="1" falsecount="0"/>
      <line num="220" count="20" type="stmt"/>
      <line num="221" count="20" type="cond" truecount="3" falsecount="0"/>
      <line num="223" count="20" type="stmt"/>
      <line num="224" count="20" type="cond" truecount="3" falsecount="0"/>
      <line num="226" count="20" type="stmt"/>
      <line num="227" count="20" type="cond" truecount="1" falsecount="0"/>
      <line num="228" count="20" type="cond" truecount="2" falsecount="0"/>
      <line num="229" count="16" type="stmt"/>
      <line num="230" count="16" type="cond" truecount="1" falsecount="0"/>
      <line num="232" count="17" type="stmt"/>
      <line num="233" count="17" type="stmt"/>
      <line num="234" count="17" type="stmt"/>
      <line num="235" count="17" type="stmt"/>
      <line num="236" count="17" type="stmt"/>
      <line num="237" count="17" type="stmt"/>
      <line num="238" count="17" type="stmt"/>
      <line num="239" count="17" type="stmt"/>
      <line num="241" count="11" type="stmt"/>
      <line num="242" count="11" type="stmt"/>
      <line num="247" count="5" type="cond" truecount="1" falsecount="0"/>
      <line num="248" count="5" type="stmt"/>
      <line num="249" count="5" type="stmt"/>
      <line num="250" count="5" type="stmt"/>
      <line num="251" count="5" type="stmt"/>
      <line num="252" count="5" type="cond" truecount="1" falsecount="0"/>
      <line num="253" count="9" type="cond" truecount="1" falsecount="0"/>
      <line num="254" count="4" type="cond" truecount="1" falsecount="0"/>
      <line num="255" count="5" type="cond" truecount="1" falsecount="0"/>
      <line num="256" count="4" type="cond" truecount="1" falsecount="0"/>
      <line num="257" count="1" type="stmt"/>
      <line num="258" count="9" type="cond" truecount="2" falsecount="0"/>
      <line num="259" count="9" type="stmt"/>
      <line num="260" count="9" type="stmt"/>
      <line num="261" count="5" type="stmt"/>
      <line num="262" count="5" type="stmt"/>
      <line num="263" count="5" type="stmt"/>
      <line num="264" count="5" type="stmt"/>
      <line num="265" count="5" type="stmt"/>
      <line num="276" count="18" type="cond" truecount="1" falsecount="0"/>
      <line num="277" count="18" type="stmt"/>
      <line num="278" count="18" type="stmt"/>
      <line num="279" count="18" type="cond" truecount="1" falsecount="0"/>
      <line num="280" count="17" type="stmt"/>
      <line num="282" count="18" type="cond" truecount="1" falsecount="0"/>
      <line num="283" count="3" type="stmt"/>
      <line num="284" count="3" type="stmt"/>
      <line num="287" count="3" type="stmt"/>
      <line num="288" count="3" type="stmt"/>
      <line num="289" count="3" type="cond" truecount="1" falsecount="0"/>
      <line num="292" count="18" type="cond" truecount="2" falsecount="0"/>
      <line num="293" count="1" type="stmt"/>
      <line num="294" count="1" type="stmt"/>
      <line num="295" count="1" type="cond" truecount="0" falsecount="1"/>
      <line num="297" count="0" type="stmt"/>
      <line num="298" count="1" type="cond" truecount="1" falsecount="0"/>
      <line num="301" count="18" type="cond" truecount="1" falsecount="0"/>
      <line num="302" count="6" type="cond" truecount="0" falsecount="1"/>
      <line num="303" count="6" type="cond" truecount="1" falsecount="0"/>
      <line num="304" count="3" type="stmt"/>
      <line num="305" count="3" type="stmt"/>
      <line num="306" count="3" type="cond" truecount="0" falsecount="1"/>
      <line num="307" count="3" type="stmt"/>
      <line num="308" count="3" type="stmt"/>
      <line num="309" count="3" type="stmt"/>
      <line num="310" count="6" type="cond" truecount="1" falsecount="0"/>
      <line num="312" count="11" type="stmt"/>
      <line num="314" count="18" type="cond" truecount="1" falsecount="0"/>
      <line num="315" count="6" type="stmt"/>
      <line num="316" count="18" type="cond" truecount="1" falsecount="0"/>
      <line num="317" count="5" type="stmt"/>
      <line num="318" count="5" type="cond" truecount="1" falsecount="0"/>
      <line num="320" count="11" type="stmt"/>
      <line num="321" count="18" type="cond" truecount="1" falsecount="0"/>
      <line num="322" count="1" type="cond" truecount="0" falsecount="1"/>
      <line num="323" count="1" type="stmt"/>
      <line num="324" count="1" type="stmt"/>
      <line num="325" count="1" type="stmt"/>
      <line num="326" count="18" type="stmt"/>
      <line num="393" count="1" type="stmt"/>
      <line num="394" count="1" type="stmt"/>
      <line num="400" count="5" type="cond" truecount="1" falsecount="0"/>
      <line num="401" count="5" type="stmt"/>
      <line num="402" count="5" type="cond" truecount="2" falsecount="0"/>
      <line num="403" count="4" type="stmt"/>
      <line num="404" count="5" type="cond" truecount="1" falsecount="1"/>
      <line num="405" count="4" type="stmt"/>
      <line num="406" count="4" type="stmt"/>
      <line num="407" count="4" type="stmt"/>
      <line num="408" count="5" type="cond" truecount="2" falsecount="1"/>
      <line num="409" count="4" type="stmt"/>
      <line num="410" count="4" type="stmt"/>
      <line num="415" count="7" type="cond" truecount="1" falsecount="0"/>
      <line num="416" count="7" type="stmt"/>
      <line num="417" count="7" type="cond" truecount="2" falsecount="0"/>
      <line num="418" count="5" type="stmt"/>
      <line num="419" count="5" type="stmt"/>
      <line num="420" count="7" type="cond" truecount="1" falsecount="1"/>
      <line num="421" count="5" type="stmt"/>
      <line num="422" count="5" type="stmt"/>
      <line num="427" count="5" type="cond" truecount="1" falsecount="0"/>
      <line num="428" count="5" type="stmt"/>
      <line num="429" count="5" type="cond" truecount="2" falsecount="0"/>
      <line num="430" count="4" type="stmt"/>
      <line num="431" count="5" type="cond" truecount="2" falsecount="0"/>
      <line num="432" count="3" type="stmt"/>
      <line num="433" count="3" type="stmt"/>
      <line num="440" count="20" type="cond" truecount="1" falsecount="0"/>
      <line num="441" count="20" type="cond" truecount="1" falsecount="0"/>
      <line num="443" count="2" type="stmt"/>
      <line num="444" count="2" type="cond" truecount="1" falsecount="0"/>
      <line num="445" count="2" type="cond" truecount="0" falsecount="1"/>
      <line num="446" count="2" type="cond" truecount="1" falsecount="0"/>
      <line num="447" count="20" type="cond" truecount="1" falsecount="0"/>
      <line num="449" count="3" type="stmt"/>
      <line num="450" count="3" type="stmt"/>
      <line num="451" count="3" type="stmt"/>
      <line num="452" count="3" type="stmt"/>
      <line num="453" count="3" type="stmt"/>
      <line num="454" count="3" type="cond" truecount="1" falsecount="0"/>
      <line num="455" count="3" type="stmt"/>
      <line num="456" count="3" type="stmt"/>
      <line num="457" count="3" type="cond" truecount="1" falsecount="0"/>
      <line num="458" count="3" type="stmt"/>
      <line num="459" count="3" type="cond" truecount="1" falsecount="0"/>
      <line num="460" count="15" type="stmt"/>
      <line num="461" count="15" type="stmt"/>
      <line num="467" count="20" type="cond" truecount="1" falsecount="0"/>
      <line num="468" count="20" type="stmt"/>
      <line num="469" count="20" type="stmt"/>
      <line num="470" count="20" type="stmt"/>
      <line num="471" count="20" type="stmt"/>
      <line num="472" count="20" type="stmt"/>
      <line num="473" count="20" type="cond" truecount="1" falsecount="0"/>
      <line num="474" count="20" type="cond" truecount="1" falsecount="0"/>
      <line num="475" count="20" type="cond" truecount="1" falsecount="0"/>
      <line num="476" count="20" type="stmt"/>
      <line num="477" count="20" type="stmt"/>
      <line num="483" count="1" type="cond" truecount="1" falsecount="0"/>
      <line num="484" count="20" type="stmt"/>
      <line num="485" count="20" type="stmt"/>
      <line num="486" count="20" type="stmt"/>
      <line num="487" count="20" type="stmt"/>
      <line num="488" count="20" type="cond" truecount="1" falsecount="0"/>
      <line num="489" count="20" type="stmt"/>
      <line num="491" count="20" type="cond" truecount="1" falsecount="0"/>
      <line num="492" count="20" type="stmt"/>
      <line num="493" count="20" type="cond" truecount="1" falsecount="0"/>
      <line num="494" count="20" type="cond" truecount="1" falsecount="0"/>
      <line num="495" count="20" type="stmt"/>
      <line num="496" count="20" type="cond" truecount="1" falsecount="0"/>
      <line num="497" count="20" type="cond" truecount="1" falsecount="0"/>
      <line num="498" count="20" type="stmt"/>
      <line num="499" count="20" type="cond" truecount="1" falsecount="0"/>
      <line num="500" count="20" type="cond" truecount="1" falsecount="0"/>
      <line num="501" count="20" type="stmt"/>
      <line num="502" count="20" type="cond" truecount="1" falsecount="0"/>
      <line num="503" count="20" type="cond" truecount="1" falsecount="0"/>
      <line num="504" count="20" type="stmt"/>
      <line num="505" count="20" type="cond" truecount="1" falsecount="0"/>
      <line num="507" count="20" type="stmt"/>
      <line num="508" count="20" type="stmt"/>
      <line num="509" count="20" type="cond" truecount="2" falsecount="0"/>
      <line num="510" count="20" type="stmt"/>
      <line num="511" count="20" type="cond" truecount="1" falsecount="0"/>
      <line num="512" count="20" type="cond" truecount="1" falsecount="0"/>
      <line num="513" count="20" type="cond" truecount="1" falsecount="0"/>
      <line num="515" count="20" type="stmt"/>
      <line num="516" count="20" type="stmt"/>
      <line num="517" count="20" type="stmt"/>
      <line num="518" count="20" type="cond" truecount="1" falsecount="0"/>
      <line num="519" count="20" type="cond" truecount="1" falsecount="0"/>
      <line num="520" count="20" type="cond" truecount="1" falsecount="0"/>
      <line num="521" count="4" type="stmt"/>
      <line num="522" count="4" type="stmt"/>
      <line num="523" count="4" type="stmt"/>
      <line num="524" count="4" type="stmt"/>
      <line num="525" count="4" type="stmt"/>
      <line num="526" count="4" type="stmt"/>
      <line num="527" count="4" type="stmt"/>
      <line num="529" count="20" type="stmt"/>
      <line num="531" count="20" type="stmt"/>
      <line num="532" count="20" type="stmt"/>
      <line num="533" count="20" type="stmt"/>
      <line num="534" count="20" type="stmt"/>
      <line num="535" count="20" type="stmt"/>
      <line num="536" count="20" type="stmt"/>
      <line num="537" count="20" type="stmt"/>
      <line num="538" count="20" type="stmt"/>
      <line num="539" count="20" type="stmt"/>
      <line num="540" count="20" type="stmt"/>
      <line num="541" count="20" type="stmt"/>
      <line num="542" count="20" type="stmt"/>
      <line num="543" count="20" type="stmt"/>
      <line num="545" count="20" type="cond" truecount="1" falsecount="0"/>
      <line num="546" count="6" type="stmt"/>
      <line num="547" count="6" type="stmt"/>
      <line num="548" count="6" type="stmt"/>
      <line num="549" count="6" type="stmt"/>
      <line num="550" count="20" type="cond" truecount="1" falsecount="0"/>
      <line num="551" count="4" type="stmt"/>
      <line num="552" count="4" type="stmt"/>
      <line num="553" count="20" type="stmt"/>
      <line num="555" count="20" type="stmt"/>
      <line num="556" count="20" type="stmt"/>
      <line num="557" count="20" type="stmt"/>
      <line num="559" count="20" type="cond" truecount="1" falsecount="0"/>
      <line num="560" count="9" type="stmt"/>
      <line num="561" count="9" type="cond" truecount="1" falsecount="0"/>
      <line num="562" count="3" type="stmt"/>
      <line num="563" count="3" type="stmt"/>
      <line num="564" count="3" type="stmt"/>
      <line num="565" count="3" type="stmt"/>
      <line num="566" count="3" type="stmt"/>
      <line num="567" count="3" type="stmt"/>
      <line num="568" count="3" type="stmt"/>
      <line num="569" count="9" type="cond" truecount="1" falsecount="0"/>
      <line num="570" count="3" type="stmt"/>
      <line num="571" count="3" type="stmt"/>
      <line num="572" count="3" type="stmt"/>
      <line num="573" count="3" type="stmt"/>
      <line num="574" count="3" type="stmt"/>
      <line num="575" count="3" type="stmt"/>
      <line num="576" count="3" type="stmt"/>
      <line num="577" count="9" type="cond" truecount="1" falsecount="0"/>
      <line num="578" count="2" type="stmt"/>
      <line num="579" count="2" type="stmt"/>
      <line num="580" count="2" type="stmt"/>
      <line num="581" count="2" type="stmt"/>
      <line num="582" count="2" type="stmt"/>
      <line num="583" count="2" type="stmt"/>
      <line num="584" count="2" type="stmt"/>
      <line num="585" count="2" type="stmt"/>
      <line num="586" count="2" type="stmt"/>
      <line num="587" count="2" type="stmt"/>
      <line num="588" count="9" type="cond" truecount="1" falsecount="0"/>
      <line num="589" count="2" type="stmt"/>
      <line num="590" count="2" type="stmt"/>
      <line num="591" count="2" type="stmt"/>
      <line num="592" count="2" type="stmt"/>
      <line num="593" count="2" type="stmt"/>
      <line num="594" count="2" type="stmt"/>
      <line num="595" count="2" type="stmt"/>
      <line num="596" count="9" type="cond" truecount="1" falsecount="0"/>
      <line num="597" count="1" type="stmt"/>
      <line num="598" count="1" type="stmt"/>
      <line num="599" count="1" type="stmt"/>
      <line num="600" count="1" type="stmt"/>
      <line num="601" count="1" type="stmt"/>
      <line num="602" count="1" type="stmt"/>
      <line num="603" count="1" type="stmt"/>
      <line num="604" count="9" type="stmt"/>
      <line num="605" count="20" type="cond" truecount="1" falsecount="0"/>
      <line num="606" count="11" type="stmt"/>
      <line num="607" count="11" type="stmt"/>
      <line num="608" count="11" type="stmt"/>
      <line num="609" count="11" type="stmt"/>
      <line num="610" count="11" type="stmt"/>
      <line num="611" count="11" type="stmt"/>
      <line num="612" count="20" type="stmt"/>
      <line num="618" count="20" type="cond" truecount="1" falsecount="0"/>
      <line num="619" count="3" type="cond" truecount="1" falsecount="0"/>
      <line num="620" count="3" type="stmt"/>
      <line num="621" count="3" type="stmt"/>
      <line num="622" count="3" type="stmt"/>
      <line num="623" count="3" type="stmt"/>
      <line num="624" count="3" type="stmt"/>
      <line num="625" count="3" type="stmt"/>
      <line num="626" count="3" type="stmt"/>
      <line num="627" count="3" type="stmt"/>
      <line num="628" count="3" type="stmt"/>
      <line num="629" count="3" type="stmt"/>
      <line num="630" count="3" type="stmt"/>
      <line num="631" count="3" type="stmt"/>
      <line num="632" count="3" type="stmt"/>
      <line num="633" count="3" type="stmt"/>
      <line num="634" count="3" type="stmt"/>
      <line num="635" count="3" type="stmt"/>
      <line num="636" count="3" type="stmt"/>
      <line num="637" count="3" type="stmt"/>
      <line num="638" count="3" type="stmt"/>
      <line num="639" count="3" type="stmt"/>
      <line num="640" count="3" type="stmt"/>
      <line num="641" count="3" type="stmt"/>
      <line num="643" count="20" type="cond" truecount="1" falsecount="0"/>
      <line num="644" count="2" type="cond" truecount="1" falsecount="0"/>
      <line num="645" count="2" type="stmt"/>
      <line num="646" count="2" type="stmt"/>
      <line num="647" count="2" type="stmt"/>
      <line num="648" count="2" type="stmt"/>
      <line num="649" count="2" type="stmt"/>
      <line num="650" count="2" type="stmt"/>
      <line num="651" count="2" type="stmt"/>
      <line num="652" count="2" type="stmt"/>
      <line num="653" count="2" type="stmt"/>
      <line num="654" count="2" type="stmt"/>
      <line num="656" count="20" type="stmt"/>
      <line num="657" count="20" type="stmt"/>
      <line num="659" count="20" type="stmt"/>
      <line num="660" count="20" type="stmt"/>
      <line num="668" count="14" type="cond" truecount="1" falsecount="0"/>
      <line num="669" count="14" type="stmt"/>
      <line num="672" count="14" type="cond" truecount="2" falsecount="0"/>
      <line num="673" count="2" type="stmt"/>
      <line num="674" count="2" type="cond" truecount="0" falsecount="1"/>
      <line num="675" count="2" type="stmt"/>
      <line num="676" count="2" type="stmt"/>
      <line num="677" count="2" type="cond" truecount="1" falsecount="0"/>
      <line num="680" count="14" type="cond" truecount="2" falsecount="0"/>
      <line num="681" count="2" type="cond" truecount="1" falsecount="0"/>
      <line num="682" count="1" type="stmt"/>
      <line num="683" count="1" type="stmt"/>
      <line num="684" count="1" type="stmt"/>
      <line num="685" count="1" type="stmt"/>
      <line num="686" count="1" type="stmt"/>
      <line num="687" count="1" type="stmt"/>
      <line num="688" count="2" type="cond" truecount="1" falsecount="0"/>
      <line num="689" count="14" type="cond" truecount="2" falsecount="0"/>
      <line num="690" count="1" type="stmt"/>
      <line num="691" count="1" type="stmt"/>
      <line num="692" count="1" type="stmt"/>
      <line num="693" count="1" type="stmt"/>
      <line num="694" count="1" type="cond" truecount="1" falsecount="0"/>
      <line num="695" count="14" type="cond" truecount="2" falsecount="0"/>
      <line num="696" count="1" type="stmt"/>
      <line num="697" count="1" type="stmt"/>
      <line num="698" count="1" type="stmt"/>
      <line num="699" count="1" type="stmt"/>
      <line num="700" count="1" type="cond" truecount="1" falsecount="0"/>
      <line num="701" count="14" type="cond" truecount="2" falsecount="0"/>
      <line num="702" count="1" type="stmt"/>
      <line num="703" count="1" type="stmt"/>
      <line num="704" count="1" type="stmt"/>
      <line num="705" count="1" type="stmt"/>
      <line num="706" count="1" type="stmt"/>
      <line num="707" count="1" type="stmt"/>
      <line num="708" count="1" type="cond" truecount="1" falsecount="0"/>
      <line num="709" count="14" type="cond" truecount="2" falsecount="0"/>
      <line num="710" count="1" type="stmt"/>
      <line num="711" count="1" type="stmt"/>
      <line num="712" count="1" type="stmt"/>
      <line num="713" count="1" type="stmt"/>
      <line num="714" count="1" type="stmt"/>
      <line num="715" count="1" type="stmt"/>
      <line num="716" count="1" type="cond" truecount="1" falsecount="0"/>
      <line num="718" count="7" type="stmt"/>
      <line num="719" count="14" type="cond" truecount="0" falsecount="1"/>
      <line num="720" count="14" type="stmt"/>
      <line num="721" count="14" type="stmt"/>
      <line num="722" count="14" type="stmt"/>
      <line num="724" count="14" type="cond" truecount="1" falsecount="0"/>
      <line num="725" count="1" type="stmt"/>
      <line num="726" count="1" type="stmt"/>
      <line num="727" count="1" type="stmt"/>
      <line num="728" count="1" type="stmt"/>
      <line num="729" count="1" type="stmt"/>
      <line num="730" count="1" type="cond" truecount="1" falsecount="0"/>
      <line num="733" count="14" type="cond" truecount="2" falsecount="0"/>
      <line num="734" count="1" type="stmt"/>
      <line num="735" count="1" type="stmt"/>
      <line num="736" count="1" type="stmt"/>
      <line num="737" count="1" type="stmt"/>
      <line num="738" count="1" type="cond" truecount="1" falsecount="0"/>
      <line num="741" count="5" type="stmt"/>
      <line num="742" count="14" type="cond" truecount="1" falsecount="0"/>
      <line num="743" count="1" type="stmt"/>
      <line num="744" count="1" type="stmt"/>
      <line num="745" count="1" type="stmt"/>
      <line num="746" count="14" type="cond" truecount="0" falsecount="1"/>
      <line num="747" count="0" type="stmt"/>
      <line num="748" count="0" type="stmt"/>
      <line num="749" count="0" type="stmt"/>
      <line num="750" count="0" type="cond" truecount="1" falsecount="0"/>
      <line num="753" count="5" type="stmt"/>
      <line num="754" count="5" type="stmt"/>
      <line num="755" count="14" type="cond" truecount="0" falsecount="1"/>
      <line num="756" count="0" type="stmt"/>
      <line num="757" count="0" type="stmt"/>
      <line num="758" count="0" type="stmt"/>
      <line num="759" count="0" type="cond" truecount="1" falsecount="0"/>
      <line num="761" count="5" type="stmt"/>
      <line num="762" count="5" type="stmt"/>
      <line num="763" count="5" type="stmt"/>
      <line num="764" count="5" type="stmt"/>
      <line num="765" count="5" type="stmt"/>
      <line num="766" count="5" type="stmt"/>
      <line num="767" count="5" type="stmt"/>
      <line num="768" count="5" type="stmt"/>
      <line num="769" count="5" type="stmt"/>
      <line num="770" count="5" type="stmt"/>
      <line num="771" count="5" type="stmt"/>
      <line num="772" count="5" type="stmt"/>
      <line num="773" count="5" type="stmt"/>
      <line num="775" count="5" type="stmt"/>
      <line num="776" count="5" type="stmt"/>
      <line num="785" count="5" type="cond" truecount="1" falsecount="0"/>
      <line num="786" count="5" type="stmt"/>
      <line num="790" count="5" type="cond" truecount="2" falsecount="0"/>
      <line num="791" count="5" type="cond" truecount="1" falsecount="0"/>
      <line num="792" count="13" type="stmt"/>
      <line num="793" count="13" type="stmt"/>
      <line num="794" count="5" type="cond" truecount="1" falsecount="0"/>
      <line num="795" count="2" type="stmt"/>
      <line num="796" count="2" type="stmt"/>
      <line num="797" count="5" type="stmt"/>
      <line num="807" count="1" type="cond" truecount="1" falsecount="0"/>
      <line num="808" count="15" type="stmt"/>
      <line num="810" count="15" type="stmt"/>
      <line num="811" count="15" type="stmt"/>
      <line num="812" count="15" type="stmt"/>
      <line num="813" count="15" type="stmt"/>
      <line num="815" count="15" type="stmt"/>
      <line num="816" count="15" type="stmt"/>
      <line num="817" count="15" type="stmt"/>
      <line num="818" count="15" type="stmt"/>
      <line num="819" count="15" type="cond" truecount="1" falsecount="0"/>
      <line num="820" count="2" type="stmt"/>
      <line num="821" count="2" type="stmt"/>
      <line num="822" count="15" type="stmt"/>
      <line num="824" count="15" type="stmt"/>
      <line num="825" count="15" type="stmt"/>
      <line num="826" count="15" type="stmt"/>
      <line num="827" count="15" type="stmt"/>
      <line num="828" count="15" type="stmt"/>
      <line num="829" count="15" type="stmt"/>
      <line num="830" count="15" type="stmt"/>
      <line num="832" count="15" type="stmt"/>
      <line num="833" count="15" type="stmt"/>
      <line num="834" count="15" type="cond" truecount="1" falsecount="0"/>
      <line num="835" count="3" type="stmt"/>
      <line num="836" count="3" type="stmt"/>
      <line num="837" count="3" type="stmt"/>
      <line num="838" count="3" type="stmt"/>
      <line num="839" count="3" type="stmt"/>
      <line num="840" count="3" type="stmt"/>
      <line num="841" count="15" type="stmt"/>
      <line num="846" count="15" type="stmt"/>
      <line num="847" count="15" type="stmt"/>
      <line num="848" count="15" type="stmt"/>
      <line num="850" count="15" type="stmt"/>
      <line num="851" count="15" type="stmt"/>
      <line num="852" count="15" type="stmt"/>
      <line num="853" count="15" type="stmt"/>
      <line num="856" count="15" type="stmt"/>
      <line num="857" count="15" type="stmt"/>
      <line num="858" count="15" type="stmt"/>
      <line num="859" count="15" type="stmt"/>
      <line num="860" count="15" type="stmt"/>
      <line num="861" count="15" type="stmt"/>
      <line num="862" count="15" type="stmt"/>
      <line num="863" count="15" type="stmt"/>
      <line num="866" count="15" type="stmt"/>
      <line num="867" count="15" type="stmt"/>
      <line num="868" count="15" type="stmt"/>
      <line num="869" count="15" type="stmt"/>
      <line num="870" count="15" type="stmt"/>
      <line num="872" count="15" type="stmt"/>
      <line num="873" count="15" type="stmt"/>
      <line num="874" count="15" type="stmt"/>
      <line num="875" count="15" type="stmt"/>
      <line num="876" count="15" type="stmt"/>
      <line num="878" count="15" type="stmt"/>
      <line num="879" count="15" type="stmt"/>
      <line num="880" count="15" type="stmt"/>
      <line num="881" count="15" type="stmt"/>
      <line num="882" count="15" type="stmt"/>
      <line num="884" count="15" type="stmt"/>
      <line num="885" count="15" type="stmt"/>
      <line num="886" count="15" type="stmt"/>
      <line num="887" count="15" type="stmt"/>
      <line num="888" count="15" type="stmt"/>
      <line num="890" count="15" type="stmt"/>
      <line num="891" count="15" type="stmt"/>
      <line num="892" count="15" type="stmt"/>
      <line num="893" count="15" type="stmt"/>
      <line num="894" count="15" type="stmt"/>
      <line num="895" count="0" type="stmt"/>
      <line num="896" count="0" type="stmt"/>
      <line num="897" count="15" type="stmt"/>
      <line num="899" count="15" type="stmt"/>
      <line num="900" count="15" type="stmt"/>
      <line num="906" count="1" type="stmt"/>
      <line num="919" count="1" type="cond" truecount="1" falsecount="0"/>
      <line num="920" count="2" type="stmt"/>
      <line num="921" count="2" type="cond" truecount="0" falsecount="1"/>
      <line num="922" count="2" type="stmt"/>
      <line num="923" count="2" type="cond" truecount="0" falsecount="1"/>
      <line num="924" count="0" type="stmt"/>
      <line num="925" count="0" type="stmt"/>
      <line num="926" count="2" type="stmt"/>
      <line num="932" count="1" type="cond" truecount="0" falsecount="1"/>
      <line num="933" count="0" type="stmt"/>
      <line num="934" count="0" type="stmt"/>
      <line num="935" count="0" type="stmt"/>
      <line num="936" count="0" type="stmt"/>
      <line num="937" count="0" type="stmt"/>
    </file>
  </project>
</coverage>
