{"/Volumes/code/kirafin/tsadwyn/src/cli.ts": {"path":"/Volumes/code/kirafin/tsadwyn/src/cli.ts","all":false,"statementMap":{"22":{"start":{"line":23,"column":0},"end":{"line":23,"column":52}},"23":{"start":{"line":24,"column":0},"end":{"line":24,"column":41}},"24":{"start":{"line":25,"column":0},"end":{"line":25,"column":51}},"25":{"start":{"line":26,"column":0},"end":{"line":26,"column":63}},"31":{"start":{"line":32,"column":0},"end":{"line":32,"column":35}},"50":{"start":{"line":51,"column":0},"end":{"line":51,"column":61}},"51":{"start":{"line":52,"column":0},"end":{"line":52,"column":53}},"52":{"start":{"line":53,"column":0},"end":{"line":53,"column":51}},"53":{"start":{"line":54,"column":0},"end":{"line":54,"column":33}},"54":{"start":{"line":55,"column":0},"end":{"line":55,"column":1}},"64":{"start":{"line":65,"column":0},"end":{"line":65,"column":51}},"65":{"start":{"line":66,"column":0},"end":{"line":66,"column":39}},"66":{"start":{"line":67,"column":0},"end":{"line":67,"column":24}},"67":{"start":{"line":68,"column":0},"end":{"line":68,"column":69}},"68":{"start":{"line":69,"column":0},"end":{"line":69,"column":16}},"69":{"start":{"line":70,"column":0},"end":{"line":70,"column":3}},"70":{"start":{"line":71,"column":0},"end":{"line":71,"column":13}},"71":{"start":{"line":72,"column":0},"end":{"line":72,"column":1}},"88":{"start":{"line":89,"column":0},"end":{"line":89,"column":83}},"89":{"start":{"line":90,"column":0},"end":{"line":90,"column":30}},"90":{"start":{"line":91,"column":0},"end":{"line":91,"column":7}},"91":{"start":{"line":92,"column":0},"end":{"line":92,"column":59}},"92":{"start":{"line":93,"column":0},"end":{"line":93,"column":54}},"94":{"start":{"line":95,"column":0},"end":{"line":95,"column":49}},"96":{"start":{"line":97,"column":0},"end":{"line":97,"column":41}},"97":{"start":{"line":98,"column":0},"end":{"line":98,"column":15}},"98":{"start":{"line":99,"column":0},"end":{"line":99,"column":18}},"99":{"start":{"line":100,"column":0},"end":{"line":100,"column":55}},"101":{"start":{"line":102,"column":0},"end":{"line":102,"column":8}},"102":{"start":{"line":103,"column":0},"end":{"line":103,"column":37}},"103":{"start":{"line":104,"column":0},"end":{"line":104,"column":5}},"105":{"start":{"line":106,"column":0},"end":{"line":106,"column":71}},"106":{"start":{"line":107,"column":0},"end":{"line":107,"column":18}},"107":{"start":{"line":108,"column":0},"end":{"line":108,"column":80}},"109":{"start":{"line":110,"column":0},"end":{"line":110,"column":8}},"110":{"start":{"line":111,"column":0},"end":{"line":111,"column":37}},"111":{"start":{"line":112,"column":0},"end":{"line":112,"column":5}},"114":{"start":{"line":115,"column":0},"end":{"line":115,"column":61}},"115":{"start":{"line":116,"column":0},"end":{"line":116,"column":65}},"116":{"start":{"line":117,"column":0},"end":{"line":117,"column":69}},"117":{"start":{"line":118,"column":0},"end":{"line":118,"column":38}},"118":{"start":{"line":119,"column":0},"end":{"line":119,"column":32}},"119":{"start":{"line":120,"column":0},"end":{"line":120,"column":7}},"120":{"start":{"line":121,"column":0},"end":{"line":121,"column":5}},"125":{"start":{"line":126,"column":0},"end":{"line":126,"column":56}},"126":{"start":{"line":127,"column":0},"end":{"line":127,"column":18}},"127":{"start":{"line":128,"column":0},"end":{"line":128,"column":69}},"128":{"start":{"line":129,"column":0},"end":{"line":129,"column":59}},"129":{"start":{"line":130,"column":0},"end":{"line":130,"column":37}},"130":{"start":{"line":131,"column":0},"end":{"line":131,"column":37}},"131":{"start":{"line":132,"column":0},"end":{"line":132,"column":5}},"134":{"start":{"line":135,"column":0},"end":{"line":135,"column":69}},"135":{"start":{"line":136,"column":0},"end":{"line":136,"column":56}},"136":{"start":{"line":137,"column":0},"end":{"line":137,"column":79}},"137":{"start":{"line":138,"column":0},"end":{"line":138,"column":57}},"138":{"start":{"line":139,"column":0},"end":{"line":139,"column":62}},"139":{"start":{"line":140,"column":0},"end":{"line":140,"column":68}},"140":{"start":{"line":141,"column":0},"end":{"line":141,"column":7}},"141":{"start":{"line":142,"column":0},"end":{"line":142,"column":12}},"142":{"start":{"line":143,"column":0},"end":{"line":143,"column":60}},"143":{"start":{"line":144,"column":0},"end":{"line":144,"column":18}},"144":{"start":{"line":145,"column":0},"end":{"line":145,"column":86}},"146":{"start":{"line":147,"column":0},"end":{"line":147,"column":8}},"147":{"start":{"line":148,"column":0},"end":{"line":148,"column":5}},"149":{"start":{"line":150,"column":0},"end":{"line":150,"column":47}},"150":{"start":{"line":151,"column":0},"end":{"line":151,"column":35}},"151":{"start":{"line":152,"column":0},"end":{"line":152,"column":17}},"152":{"start":{"line":153,"column":0},"end":{"line":153,"column":69}},"153":{"start":{"line":154,"column":0},"end":{"line":154,"column":60}},"154":{"start":{"line":155,"column":0},"end":{"line":155,"column":35}},"155":{"start":{"line":156,"column":0},"end":{"line":156,"column":3}},"156":{"start":{"line":157,"column":0},"end":{"line":157,"column":1}},"188":{"start":{"line":189,"column":0},"end":{"line":189,"column":72}},"189":{"start":{"line":190,"column":0},"end":{"line":190,"column":68}},"190":{"start":{"line":191,"column":0},"end":{"line":191,"column":79}},"192":{"start":{"line":193,"column":0},"end":{"line":193,"column":32}},"193":{"start":{"line":194,"column":0},"end":{"line":194,"column":17}},"194":{"start":{"line":195,"column":0},"end":{"line":195,"column":40}},"195":{"start":{"line":196,"column":0},"end":{"line":196,"column":20}},"196":{"start":{"line":197,"column":0},"end":{"line":197,"column":20}},"197":{"start":{"line":198,"column":0},"end":{"line":198,"column":4}},"201":{"start":{"line":202,"column":0},"end":{"line":202,"column":7}},"202":{"start":{"line":203,"column":0},"end":{"line":203,"column":50}},"203":{"start":{"line":204,"column":0},"end":{"line":204,"column":42}},"204":{"start":{"line":205,"column":0},"end":{"line":205,"column":37}},"205":{"start":{"line":206,"column":0},"end":{"line":206,"column":51}},"206":{"start":{"line":207,"column":0},"end":{"line":207,"column":31}},"207":{"start":{"line":208,"column":0},"end":{"line":208,"column":68}},"208":{"start":{"line":209,"column":0},"end":{"line":209,"column":41}},"209":{"start":{"line":210,"column":0},"end":{"line":210,"column":62}},"210":{"start":{"line":211,"column":0},"end":{"line":211,"column":9}},"211":{"start":{"line":212,"column":0},"end":{"line":212,"column":7}},"212":{"start":{"line":213,"column":0},"end":{"line":213,"column":5}},"213":{"start":{"line":214,"column":0},"end":{"line":214,"column":44}},"214":{"start":{"line":215,"column":0},"end":{"line":215,"column":11}},"216":{"start":{"line":217,"column":0},"end":{"line":217,"column":3}},"218":{"start":{"line":219,"column":0},"end":{"line":219,"column":50}},"219":{"start":{"line":220,"column":0},"end":{"line":220,"column":35}},"220":{"start":{"line":221,"column":0},"end":{"line":221,"column":69}},"222":{"start":{"line":223,"column":0},"end":{"line":223,"column":48}},"223":{"start":{"line":224,"column":0},"end":{"line":224,"column":53}},"225":{"start":{"line":226,"column":0},"end":{"line":226,"column":24}},"226":{"start":{"line":227,"column":0},"end":{"line":227,"column":51}},"227":{"start":{"line":228,"column":0},"end":{"line":228,"column":58}},"228":{"start":{"line":229,"column":0},"end":{"line":229,"column":46}},"229":{"start":{"line":230,"column":0},"end":{"line":230,"column":5}},"231":{"start":{"line":232,"column":0},"end":{"line":232,"column":27}},"232":{"start":{"line":233,"column":0},"end":{"line":233,"column":12}},"233":{"start":{"line":234,"column":0},"end":{"line":234,"column":24}},"234":{"start":{"line":235,"column":0},"end":{"line":235,"column":47}},"235":{"start":{"line":236,"column":0},"end":{"line":236,"column":17}},"236":{"start":{"line":237,"column":0},"end":{"line":237,"column":18}},"237":{"start":{"line":238,"column":0},"end":{"line":238,"column":7}},"238":{"start":{"line":239,"column":0},"end":{"line":239,"column":3}},"240":{"start":{"line":241,"column":0},"end":{"line":241,"column":17}},"241":{"start":{"line":242,"column":0},"end":{"line":242,"column":1}},"246":{"start":{"line":247,"column":0},"end":{"line":247,"column":60}},"247":{"start":{"line":248,"column":0},"end":{"line":248,"column":29}},"248":{"start":{"line":249,"column":0},"end":{"line":249,"column":29}},"249":{"start":{"line":250,"column":0},"end":{"line":250,"column":29}},"250":{"start":{"line":251,"column":0},"end":{"line":251,"column":51}},"251":{"start":{"line":252,"column":0},"end":{"line":252,"column":37}},"252":{"start":{"line":253,"column":0},"end":{"line":253,"column":26}},"253":{"start":{"line":254,"column":0},"end":{"line":254,"column":19}},"254":{"start":{"line":255,"column":0},"end":{"line":255,"column":18}},"255":{"start":{"line":256,"column":0},"end":{"line":256,"column":21}},"256":{"start":{"line":257,"column":0},"end":{"line":257,"column":13}},"257":{"start":{"line":258,"column":0},"end":{"line":258,"column":73}},"258":{"start":{"line":259,"column":0},"end":{"line":259,"column":86}},"259":{"start":{"line":260,"column":0},"end":{"line":260,"column":3}},"260":{"start":{"line":261,"column":0},"end":{"line":261,"column":17}},"261":{"start":{"line":262,"column":0},"end":{"line":262,"column":49}},"262":{"start":{"line":263,"column":0},"end":{"line":263,"column":63}},"263":{"start":{"line":264,"column":0},"end":{"line":264,"column":15}},"264":{"start":{"line":265,"column":0},"end":{"line":265,"column":1}},"275":{"start":{"line":276,"column":0},"end":{"line":276,"column":77}},"276":{"start":{"line":277,"column":0},"end":{"line":277,"column":30}},"277":{"start":{"line":278,"column":0},"end":{"line":278,"column":7}},"278":{"start":{"line":279,"column":0},"end":{"line":279,"column":49}},"279":{"start":{"line":280,"column":0},"end":{"line":280,"column":40}},"281":{"start":{"line":282,"column":0},"end":{"line":282,"column":15}},"282":{"start":{"line":283,"column":0},"end":{"line":283,"column":18}},"283":{"start":{"line":284,"column":0},"end":{"line":284,"column":55}},"286":{"start":{"line":287,"column":0},"end":{"line":287,"column":8}},"287":{"start":{"line":288,"column":0},"end":{"line":288,"column":37}},"288":{"start":{"line":289,"column":0},"end":{"line":289,"column":5}},"291":{"start":{"line":292,"column":0},"end":{"line":292,"column":82}},"292":{"start":{"line":293,"column":0},"end":{"line":293,"column":11}},"293":{"start":{"line":294,"column":0},"end":{"line":294,"column":37}},"294":{"start":{"line":295,"column":0},"end":{"line":295,"column":15}},"296":{"start":{"line":297,"column":0},"end":{"line":297,"column":7}},"297":{"start":{"line":298,"column":0},"end":{"line":298,"column":5}},"300":{"start":{"line":301,"column":0},"end":{"line":301,"column":40}},"301":{"start":{"line":302,"column":0},"end":{"line":302,"column":72}},"302":{"start":{"line":303,"column":0},"end":{"line":303,"column":53}},"303":{"start":{"line":304,"column":0},"end":{"line":304,"column":20}},"304":{"start":{"line":305,"column":0},"end":{"line":305,"column":59}},"305":{"start":{"line":306,"column":0},"end":{"line":306,"column":72}},"306":{"start":{"line":307,"column":0},"end":{"line":307,"column":10}},"307":{"start":{"line":308,"column":0},"end":{"line":308,"column":39}},"308":{"start":{"line":309,"column":0},"end":{"line":309,"column":7}},"309":{"start":{"line":310,"column":0},"end":{"line":310,"column":5}},"311":{"start":{"line":312,"column":0},"end":{"line":312,"column":59}},"313":{"start":{"line":314,"column":0},"end":{"line":314,"column":23}},"314":{"start":{"line":315,"column":0},"end":{"line":315,"column":43}},"315":{"start":{"line":316,"column":0},"end":{"line":316,"column":12}},"316":{"start":{"line":317,"column":0},"end":{"line":317,"column":49}},"317":{"start":{"line":318,"column":0},"end":{"line":318,"column":5}},"319":{"start":{"line":320,"column":0},"end":{"line":320,"column":35}},"320":{"start":{"line":321,"column":0},"end":{"line":321,"column":17}},"321":{"start":{"line":322,"column":0},"end":{"line":322,"column":69}},"322":{"start":{"line":323,"column":0},"end":{"line":323,"column":56}},"323":{"start":{"line":324,"column":0},"end":{"line":324,"column":35}},"324":{"start":{"line":325,"column":0},"end":{"line":325,"column":3}},"325":{"start":{"line":326,"column":0},"end":{"line":326,"column":1}},"392":{"start":{"line":393,"column":0},"end":{"line":393,"column":45}},"393":{"start":{"line":394,"column":0},"end":{"line":394,"column":97}},"399":{"start":{"line":400,"column":0},"end":{"line":400,"column":69}},"400":{"start":{"line":401,"column":0},"end":{"line":401,"column":43}},"401":{"start":{"line":402,"column":0},"end":{"line":402,"column":35}},"402":{"start":{"line":403,"column":0},"end":{"line":403,"column":35}},"403":{"start":{"line":404,"column":0},"end":{"line":404,"column":30}},"404":{"start":{"line":405,"column":0},"end":{"line":405,"column":46}},"405":{"start":{"line":406,"column":0},"end":{"line":406,"column":52}},"406":{"start":{"line":407,"column":0},"end":{"line":407,"column":31}},"407":{"start":{"line":408,"column":0},"end":{"line":408,"column":55}},"408":{"start":{"line":409,"column":0},"end":{"line":409,"column":42}},"409":{"start":{"line":410,"column":0},"end":{"line":410,"column":1}},"414":{"start":{"line":415,"column":0},"end":{"line":415,"column":57}},"415":{"start":{"line":416,"column":0},"end":{"line":416,"column":35}},"416":{"start":{"line":417,"column":0},"end":{"line":417,"column":30}},"417":{"start":{"line":418,"column":0},"end":{"line":418,"column":46}},"418":{"start":{"line":419,"column":0},"end":{"line":419,"column":46}},"419":{"start":{"line":420,"column":0},"end":{"line":420,"column":37}},"420":{"start":{"line":421,"column":0},"end":{"line":421,"column":27}},"421":{"start":{"line":422,"column":0},"end":{"line":422,"column":1}},"426":{"start":{"line":427,"column":0},"end":{"line":427,"column":63}},"427":{"start":{"line":428,"column":0},"end":{"line":428,"column":59}},"428":{"start":{"line":429,"column":0},"end":{"line":429,"column":26}},"429":{"start":{"line":430,"column":0},"end":{"line":430,"column":40}},"430":{"start":{"line":431,"column":0},"end":{"line":431,"column":51}},"431":{"start":{"line":432,"column":0},"end":{"line":432,"column":36}},"432":{"start":{"line":433,"column":0},"end":{"line":433,"column":1}},"439":{"start":{"line":440,"column":0},"end":{"line":440,"column":93}},"440":{"start":{"line":441,"column":0},"end":{"line":441,"column":21}},"442":{"start":{"line":443,"column":0},"end":{"line":443,"column":62}},"443":{"start":{"line":444,"column":0},"end":{"line":444,"column":61}},"444":{"start":{"line":445,"column":0},"end":{"line":445,"column":57}},"445":{"start":{"line":446,"column":0},"end":{"line":446,"column":3}},"446":{"start":{"line":447,"column":0},"end":{"line":447,"column":20}},"448":{"start":{"line":449,"column":0},"end":{"line":449,"column":29}},"449":{"start":{"line":450,"column":0},"end":{"line":450,"column":20}},"450":{"start":{"line":451,"column":0},"end":{"line":451,"column":35}},"451":{"start":{"line":452,"column":0},"end":{"line":452,"column":13}},"452":{"start":{"line":453,"column":0},"end":{"line":453,"column":19}},"453":{"start":{"line":454,"column":0},"end":{"line":454,"column":52}},"454":{"start":{"line":455,"column":0},"end":{"line":455,"column":19}},"455":{"start":{"line":456,"column":0},"end":{"line":456,"column":27}},"456":{"start":{"line":457,"column":0},"end":{"line":457,"column":72}},"457":{"start":{"line":458,"column":0},"end":{"line":458,"column":5}},"458":{"start":{"line":459,"column":0},"end":{"line":459,"column":3}},"459":{"start":{"line":460,"column":0},"end":{"line":460,"column":44}},"460":{"start":{"line":461,"column":0},"end":{"line":461,"column":1}},"466":{"start":{"line":467,"column":0},"end":{"line":467,"column":28}},"467":{"start":{"line":468,"column":0},"end":{"line":468,"column":29}},"468":{"start":{"line":469,"column":0},"end":{"line":469,"column":20}},"469":{"start":{"line":470,"column":0},"end":{"line":470,"column":23}},"470":{"start":{"line":471,"column":0},"end":{"line":471,"column":13}},"471":{"start":{"line":472,"column":0},"end":{"line":472,"column":32}},"472":{"start":{"line":473,"column":0},"end":{"line":473,"column":45}},"473":{"start":{"line":474,"column":0},"end":{"line":474,"column":42}},"474":{"start":{"line":475,"column":0},"end":{"line":475,"column":45}},"475":{"start":{"line":476,"column":0},"end":{"line":476,"column":25}},"476":{"start":{"line":477,"column":0},"end":{"line":477,"column":1}},"482":{"start":{"line":483,"column":0},"end":{"line":483,"column":44}},"483":{"start":{"line":484,"column":0},"end":{"line":484,"column":29}},"484":{"start":{"line":485,"column":0},"end":{"line":485,"column":42}},"485":{"start":{"line":486,"column":0},"end":{"line":486,"column":28}},"486":{"start":{"line":487,"column":0},"end":{"line":487,"column":21}},"487":{"start":{"line":488,"column":0},"end":{"line":488,"column":76}},"488":{"start":{"line":489,"column":0},"end":{"line":489,"column":77}},"490":{"start":{"line":491,"column":0},"end":{"line":491,"column":45}},"491":{"start":{"line":492,"column":0},"end":{"line":492,"column":30}},"492":{"start":{"line":493,"column":0},"end":{"line":493,"column":53}},"493":{"start":{"line":494,"column":0},"end":{"line":494,"column":39}},"494":{"start":{"line":495,"column":0},"end":{"line":495,"column":24}},"495":{"start":{"line":496,"column":0},"end":{"line":496,"column":47}},"496":{"start":{"line":497,"column":0},"end":{"line":497,"column":45}},"497":{"start":{"line":498,"column":0},"end":{"line":498,"column":24}},"498":{"start":{"line":499,"column":0},"end":{"line":499,"column":47}},"499":{"start":{"line":500,"column":0},"end":{"line":500,"column":50}},"500":{"start":{"line":501,"column":0},"end":{"line":501,"column":27}},"501":{"start":{"line":502,"column":0},"end":{"line":502,"column":50}},"502":{"start":{"line":503,"column":0},"end":{"line":503,"column":56}},"503":{"start":{"line":504,"column":0},"end":{"line":504,"column":27}},"504":{"start":{"line":505,"column":0},"end":{"line":505,"column":50}},"506":{"start":{"line":507,"column":0},"end":{"line":507,"column":65}},"507":{"start":{"line":508,"column":0},"end":{"line":508,"column":31}},"508":{"start":{"line":509,"column":0},"end":{"line":509,"column":64}},"509":{"start":{"line":510,"column":0},"end":{"line":510,"column":33}},"510":{"start":{"line":511,"column":0},"end":{"line":511,"column":58}},"511":{"start":{"line":512,"column":0},"end":{"line":512,"column":78}},"512":{"start":{"line":513,"column":0},"end":{"line":513,"column":73}},"514":{"start":{"line":515,"column":0},"end":{"line":515,"column":36}},"515":{"start":{"line":516,"column":0},"end":{"line":516,"column":20}},"516":{"start":{"line":517,"column":0},"end":{"line":517,"column":4}},"517":{"start":{"line":518,"column":0},"end":{"line":518,"column":59}},"518":{"start":{"line":519,"column":0},"end":{"line":519,"column":63}},"519":{"start":{"line":520,"column":0},"end":{"line":520,"column":30}},"520":{"start":{"line":521,"column":0},"end":{"line":521,"column":24}},"521":{"start":{"line":522,"column":0},"end":{"line":522,"column":39}},"522":{"start":{"line":523,"column":0},"end":{"line":523,"column":44}},"523":{"start":{"line":524,"column":0},"end":{"line":524,"column":20}},"524":{"start":{"line":525,"column":0},"end":{"line":525,"column":21}},"525":{"start":{"line":526,"column":0},"end":{"line":526,"column":6}},"526":{"start":{"line":527,"column":0},"end":{"line":527,"column":3}},"528":{"start":{"line":529,"column":0},"end":{"line":529,"column":29}},"530":{"start":{"line":531,"column":0},"end":{"line":531,"column":20}},"531":{"start":{"line":532,"column":0},"end":{"line":532,"column":35}},"532":{"start":{"line":533,"column":0},"end":{"line":533,"column":19}},"533":{"start":{"line":534,"column":0},"end":{"line":534,"column":44}},"534":{"start":{"line":535,"column":0},"end":{"line":535,"column":53}},"535":{"start":{"line":536,"column":0},"end":{"line":536,"column":19}},"536":{"start":{"line":537,"column":0},"end":{"line":537,"column":31}},"537":{"start":{"line":538,"column":0},"end":{"line":538,"column":80}},"538":{"start":{"line":539,"column":0},"end":{"line":539,"column":70}},"539":{"start":{"line":540,"column":0},"end":{"line":540,"column":83}},"540":{"start":{"line":541,"column":0},"end":{"line":541,"column":48}},"541":{"start":{"line":542,"column":0},"end":{"line":542,"column":20}},"542":{"start":{"line":543,"column":0},"end":{"line":543,"column":72}},"544":{"start":{"line":545,"column":0},"end":{"line":545,"column":31}},"545":{"start":{"line":546,"column":0},"end":{"line":546,"column":15}},"546":{"start":{"line":547,"column":0},"end":{"line":547,"column":95}},"547":{"start":{"line":548,"column":0},"end":{"line":548,"column":6}},"548":{"start":{"line":549,"column":0},"end":{"line":549,"column":3}},"549":{"start":{"line":550,"column":0},"end":{"line":550,"column":30}},"550":{"start":{"line":551,"column":0},"end":{"line":551,"column":43}},"551":{"start":{"line":552,"column":0},"end":{"line":552,"column":3}},"552":{"start":{"line":553,"column":0},"end":{"line":553,"column":17}},"554":{"start":{"line":555,"column":0},"end":{"line":555,"column":66}},"555":{"start":{"line":556,"column":0},"end":{"line":556,"column":64}},"556":{"start":{"line":557,"column":0},"end":{"line":557,"column":17}},"558":{"start":{"line":559,"column":0},"end":{"line":559,"column":27}},"559":{"start":{"line":560,"column":0},"end":{"line":560,"column":37}},"560":{"start":{"line":561,"column":0},"end":{"line":561,"column":30}},"561":{"start":{"line":562,"column":0},"end":{"line":562,"column":17}},"562":{"start":{"line":563,"column":0},"end":{"line":563,"column":98}},"563":{"start":{"line":564,"column":0},"end":{"line":564,"column":8}},"564":{"start":{"line":565,"column":0},"end":{"line":565,"column":17}},"565":{"start":{"line":566,"column":0},"end":{"line":566,"column":119}},"566":{"start":{"line":567,"column":0},"end":{"line":567,"column":8}},"567":{"start":{"line":568,"column":0},"end":{"line":568,"column":5}},"568":{"start":{"line":569,"column":0},"end":{"line":569,"column":27}},"569":{"start":{"line":570,"column":0},"end":{"line":570,"column":17}},"570":{"start":{"line":571,"column":0},"end":{"line":571,"column":103}},"571":{"start":{"line":572,"column":0},"end":{"line":572,"column":8}},"572":{"start":{"line":573,"column":0},"end":{"line":573,"column":17}},"573":{"start":{"line":574,"column":0},"end":{"line":574,"column":80}},"574":{"start":{"line":575,"column":0},"end":{"line":575,"column":8}},"575":{"start":{"line":576,"column":0},"end":{"line":576,"column":5}},"576":{"start":{"line":577,"column":0},"end":{"line":577,"column":30}},"577":{"start":{"line":578,"column":0},"end":{"line":578,"column":17}},"578":{"start":{"line":579,"column":0},"end":{"line":579,"column":99}},"579":{"start":{"line":580,"column":0},"end":{"line":580,"column":8}},"580":{"start":{"line":581,"column":0},"end":{"line":581,"column":17}},"581":{"start":{"line":582,"column":0},"end":{"line":582,"column":92}},"582":{"start":{"line":583,"column":0},"end":{"line":583,"column":8}},"583":{"start":{"line":584,"column":0},"end":{"line":584,"column":17}},"584":{"start":{"line":585,"column":0},"end":{"line":585,"column":102}},"585":{"start":{"line":586,"column":0},"end":{"line":586,"column":8}},"586":{"start":{"line":587,"column":0},"end":{"line":587,"column":5}},"587":{"start":{"line":588,"column":0},"end":{"line":588,"column":35}},"588":{"start":{"line":589,"column":0},"end":{"line":589,"column":17}},"589":{"start":{"line":590,"column":0},"end":{"line":590,"column":102}},"590":{"start":{"line":591,"column":0},"end":{"line":591,"column":8}},"591":{"start":{"line":592,"column":0},"end":{"line":592,"column":17}},"592":{"start":{"line":593,"column":0},"end":{"line":593,"column":93}},"593":{"start":{"line":594,"column":0},"end":{"line":594,"column":8}},"594":{"start":{"line":595,"column":0},"end":{"line":595,"column":5}},"595":{"start":{"line":596,"column":0},"end":{"line":596,"column":38}},"596":{"start":{"line":597,"column":0},"end":{"line":597,"column":17}},"597":{"start":{"line":598,"column":0},"end":{"line":598,"column":98}},"598":{"start":{"line":599,"column":0},"end":{"line":599,"column":8}},"599":{"start":{"line":600,"column":0},"end":{"line":600,"column":17}},"600":{"start":{"line":601,"column":0},"end":{"line":601,"column":90}},"601":{"start":{"line":602,"column":0},"end":{"line":602,"column":8}},"602":{"start":{"line":603,"column":0},"end":{"line":603,"column":5}},"603":{"start":{"line":604,"column":0},"end":{"line":604,"column":23}},"604":{"start":{"line":605,"column":0},"end":{"line":605,"column":10}},"605":{"start":{"line":606,"column":0},"end":{"line":606,"column":37}},"606":{"start":{"line":607,"column":0},"end":{"line":607,"column":76}},"607":{"start":{"line":608,"column":0},"end":{"line":608,"column":84}},"608":{"start":{"line":609,"column":0},"end":{"line":609,"column":74}},"609":{"start":{"line":610,"column":0},"end":{"line":610,"column":23}},"610":{"start":{"line":611,"column":0},"end":{"line":611,"column":3}},"611":{"start":{"line":612,"column":0},"end":{"line":612,"column":17}},"617":{"start":{"line":618,"column":0},"end":{"line":618,"column":28}},"618":{"start":{"line":619,"column":0},"end":{"line":619,"column":68}},"619":{"start":{"line":620,"column":0},"end":{"line":620,"column":76}},"620":{"start":{"line":621,"column":0},"end":{"line":621,"column":106}},"621":{"start":{"line":622,"column":0},"end":{"line":622,"column":98}},"622":{"start":{"line":623,"column":0},"end":{"line":623,"column":50}},"623":{"start":{"line":624,"column":0},"end":{"line":624,"column":76}},"624":{"start":{"line":625,"column":0},"end":{"line":625,"column":119}},"625":{"start":{"line":626,"column":0},"end":{"line":626,"column":77}},"626":{"start":{"line":627,"column":0},"end":{"line":627,"column":26}},"627":{"start":{"line":628,"column":0},"end":{"line":628,"column":25}},"628":{"start":{"line":629,"column":0},"end":{"line":629,"column":23}},"629":{"start":{"line":630,"column":0},"end":{"line":630,"column":19}},"630":{"start":{"line":631,"column":0},"end":{"line":631,"column":123}},"631":{"start":{"line":632,"column":0},"end":{"line":632,"column":104}},"632":{"start":{"line":633,"column":0},"end":{"line":633,"column":52}},"633":{"start":{"line":634,"column":0},"end":{"line":634,"column":81}},"634":{"start":{"line":635,"column":0},"end":{"line":635,"column":121}},"635":{"start":{"line":636,"column":0},"end":{"line":636,"column":82}},"636":{"start":{"line":637,"column":0},"end":{"line":637,"column":26}},"637":{"start":{"line":638,"column":0},"end":{"line":638,"column":25}},"638":{"start":{"line":639,"column":0},"end":{"line":639,"column":23}},"639":{"start":{"line":640,"column":0},"end":{"line":640,"column":19}},"640":{"start":{"line":641,"column":0},"end":{"line":641,"column":3}},"642":{"start":{"line":643,"column":0},"end":{"line":643,"column":28}},"643":{"start":{"line":644,"column":0},"end":{"line":644,"column":68}},"644":{"start":{"line":645,"column":0},"end":{"line":645,"column":70}},"645":{"start":{"line":646,"column":0},"end":{"line":646,"column":102}},"646":{"start":{"line":647,"column":0},"end":{"line":647,"column":105}},"647":{"start":{"line":648,"column":0},"end":{"line":648,"column":104}},"648":{"start":{"line":649,"column":0},"end":{"line":649,"column":52}},"649":{"start":{"line":650,"column":0},"end":{"line":650,"column":107}},"650":{"start":{"line":651,"column":0},"end":{"line":651,"column":25}},"651":{"start":{"line":652,"column":0},"end":{"line":652,"column":23}},"652":{"start":{"line":653,"column":0},"end":{"line":653,"column":19}},"653":{"start":{"line":654,"column":0},"end":{"line":654,"column":3}},"655":{"start":{"line":656,"column":0},"end":{"line":656,"column":18}},"656":{"start":{"line":657,"column":0},"end":{"line":657,"column":17}},"658":{"start":{"line":659,"column":0},"end":{"line":659,"column":49}},"659":{"start":{"line":660,"column":0},"end":{"line":660,"column":1}},"667":{"start":{"line":668,"column":0},"end":{"line":668,"column":89}},"668":{"start":{"line":669,"column":0},"end":{"line":669,"column":30}},"671":{"start":{"line":672,"column":0},"end":{"line":672,"column":60}},"672":{"start":{"line":673,"column":0},"end":{"line":673,"column":16}},"673":{"start":{"line":674,"column":0},"end":{"line":674,"column":101}},"674":{"start":{"line":675,"column":0},"end":{"line":675,"column":6}},"675":{"start":{"line":676,"column":0},"end":{"line":676,"column":35}},"676":{"start":{"line":677,"column":0},"end":{"line":677,"column":3}},"679":{"start":{"line":680,"column":0},"end":{"line":680,"column":49}},"680":{"start":{"line":681,"column":0},"end":{"line":681,"column":38}},"681":{"start":{"line":682,"column":0},"end":{"line":682,"column":18}},"682":{"start":{"line":683,"column":0},"end":{"line":683,"column":71}},"683":{"start":{"line":684,"column":0},"end":{"line":684,"column":80}},"684":{"start":{"line":685,"column":0},"end":{"line":685,"column":8}},"685":{"start":{"line":686,"column":0},"end":{"line":686,"column":37}},"686":{"start":{"line":687,"column":0},"end":{"line":687,"column":5}},"687":{"start":{"line":688,"column":0},"end":{"line":688,"column":3}},"688":{"start":{"line":689,"column":0},"end":{"line":689,"column":46}},"689":{"start":{"line":690,"column":0},"end":{"line":690,"column":32}},"690":{"start":{"line":691,"column":0},"end":{"line":691,"column":79}},"691":{"start":{"line":692,"column":0},"end":{"line":692,"column":37}},"692":{"start":{"line":693,"column":0},"end":{"line":693,"column":5}},"693":{"start":{"line":694,"column":0},"end":{"line":694,"column":3}},"694":{"start":{"line":695,"column":0},"end":{"line":695,"column":49}},"695":{"start":{"line":696,"column":0},"end":{"line":696,"column":32}},"696":{"start":{"line":697,"column":0},"end":{"line":697,"column":82}},"697":{"start":{"line":698,"column":0},"end":{"line":698,"column":37}},"698":{"start":{"line":699,"column":0},"end":{"line":699,"column":5}},"699":{"start":{"line":700,"column":0},"end":{"line":700,"column":3}},"700":{"start":{"line":701,"column":0},"end":{"line":701,"column":49}},"701":{"start":{"line":702,"column":0},"end":{"line":702,"column":35}},"702":{"start":{"line":703,"column":0},"end":{"line":703,"column":18}},"703":{"start":{"line":704,"column":0},"end":{"line":704,"column":92}},"704":{"start":{"line":705,"column":0},"end":{"line":705,"column":8}},"705":{"start":{"line":706,"column":0},"end":{"line":706,"column":37}},"706":{"start":{"line":707,"column":0},"end":{"line":707,"column":5}},"707":{"start":{"line":708,"column":0},"end":{"line":708,"column":3}},"708":{"start":{"line":709,"column":0},"end":{"line":709,"column":52}},"709":{"start":{"line":710,"column":0},"end":{"line":710,"column":35}},"710":{"start":{"line":711,"column":0},"end":{"line":711,"column":18}},"711":{"start":{"line":712,"column":0},"end":{"line":712,"column":101}},"712":{"start":{"line":713,"column":0},"end":{"line":713,"column":8}},"713":{"start":{"line":714,"column":0},"end":{"line":714,"column":37}},"714":{"start":{"line":715,"column":0},"end":{"line":715,"column":5}},"715":{"start":{"line":716,"column":0},"end":{"line":716,"column":3}},"717":{"start":{"line":718,"column":0},"end":{"line":718,"column":69}},"718":{"start":{"line":719,"column":0},"end":{"line":719,"column":46}},"719":{"start":{"line":720,"column":0},"end":{"line":720,"column":45}},"720":{"start":{"line":721,"column":0},"end":{"line":721,"column":53}},"721":{"start":{"line":722,"column":0},"end":{"line":722,"column":50}},"723":{"start":{"line":724,"column":0},"end":{"line":724,"column":23}},"724":{"start":{"line":725,"column":0},"end":{"line":725,"column":68}},"725":{"start":{"line":726,"column":0},"end":{"line":726,"column":46}},"726":{"start":{"line":727,"column":0},"end":{"line":727,"column":20}},"727":{"start":{"line":728,"column":0},"end":{"line":728,"column":24}},"728":{"start":{"line":729,"column":0},"end":{"line":729,"column":35}},"729":{"start":{"line":730,"column":0},"end":{"line":730,"column":3}},"732":{"start":{"line":733,"column":0},"end":{"line":733,"column":46}},"733":{"start":{"line":734,"column":0},"end":{"line":734,"column":16}},"734":{"start":{"line":735,"column":0},"end":{"line":735,"column":76}},"735":{"start":{"line":736,"column":0},"end":{"line":736,"column":6}},"736":{"start":{"line":737,"column":0},"end":{"line":737,"column":35}},"737":{"start":{"line":738,"column":0},"end":{"line":738,"column":3}},"740":{"start":{"line":741,"column":0},"end":{"line":741,"column":7}},"741":{"start":{"line":742,"column":0},"end":{"line":742,"column":30}},"742":{"start":{"line":743,"column":0},"end":{"line":743,"column":45}},"743":{"start":{"line":744,"column":0},"end":{"line":744,"column":47}},"744":{"start":{"line":745,"column":0},"end":{"line":745,"column":5}},"745":{"start":{"line":746,"column":0},"end":{"line":746,"column":17}},"746":{"start":{"line":747,"column":0},"end":{"line":747,"column":69}},"747":{"start":{"line":748,"column":0},"end":{"line":748,"column":63}},"748":{"start":{"line":749,"column":0},"end":{"line":749,"column":35}},"749":{"start":{"line":750,"column":0},"end":{"line":750,"column":3}},"752":{"start":{"line":753,"column":0},"end":{"line":753,"column":7}},"753":{"start":{"line":754,"column":0},"end":{"line":754,"column":44}},"754":{"start":{"line":755,"column":0},"end":{"line":755,"column":17}},"755":{"start":{"line":756,"column":0},"end":{"line":756,"column":69}},"756":{"start":{"line":757,"column":0},"end":{"line":757,"column":61}},"757":{"start":{"line":758,"column":0},"end":{"line":758,"column":35}},"758":{"start":{"line":759,"column":0},"end":{"line":759,"column":3}},"760":{"start":{"line":761,"column":0},"end":{"line":761,"column":54}},"761":{"start":{"line":762,"column":0},"end":{"line":762,"column":18}},"762":{"start":{"line":763,"column":0},"end":{"line":763,"column":29}},"763":{"start":{"line":764,"column":0},"end":{"line":764,"column":72}},"764":{"start":{"line":765,"column":0},"end":{"line":765,"column":66}},"765":{"start":{"line":766,"column":0},"end":{"line":766,"column":86}},"766":{"start":{"line":767,"column":0},"end":{"line":767,"column":80}},"767":{"start":{"line":768,"column":0},"end":{"line":768,"column":43}},"768":{"start":{"line":769,"column":0},"end":{"line":769,"column":95}},"769":{"start":{"line":770,"column":0},"end":{"line":770,"column":55}},"770":{"start":{"line":771,"column":0},"end":{"line":771,"column":26}},"771":{"start":{"line":772,"column":0},"end":{"line":772,"column":18}},"772":{"start":{"line":773,"column":0},"end":{"line":773,"column":69}},"774":{"start":{"line":775,"column":0},"end":{"line":775,"column":33}},"775":{"start":{"line":776,"column":0},"end":{"line":776,"column":1}},"784":{"start":{"line":785,"column":0},"end":{"line":785,"column":83}},"785":{"start":{"line":786,"column":0},"end":{"line":786,"column":59}},"789":{"start":{"line":790,"column":0},"end":{"line":790,"column":59}},"790":{"start":{"line":791,"column":0},"end":{"line":791,"column":37}},"791":{"start":{"line":792,"column":0},"end":{"line":792,"column":22}},"792":{"start":{"line":793,"column":0},"end":{"line":793,"column":3}},"793":{"start":{"line":794,"column":0},"end":{"line":794,"column":30}},"794":{"start":{"line":795,"column":0},"end":{"line":795,"column":75}},"795":{"start":{"line":796,"column":0},"end":{"line":796,"column":3}},"796":{"start":{"line":797,"column":0},"end":{"line":797,"column":1}},"806":{"start":{"line":807,"column":0},"end":{"line":807,"column":42}},"807":{"start":{"line":808,"column":0},"end":{"line":808,"column":28}},"809":{"start":{"line":810,"column":0},"end":{"line":810,"column":5}},"810":{"start":{"line":811,"column":0},"end":{"line":811,"column":20}},"811":{"start":{"line":812,"column":0},"end":{"line":812,"column":79}},"812":{"start":{"line":813,"column":0},"end":{"line":813,"column":73}},"814":{"start":{"line":815,"column":0},"end":{"line":815,"column":5}},"815":{"start":{"line":816,"column":0},"end":{"line":816,"column":23}},"816":{"start":{"line":817,"column":0},"end":{"line":817,"column":79}},"817":{"start":{"line":818,"column":0},"end":{"line":818,"column":85}},"818":{"start":{"line":819,"column":0},"end":{"line":819,"column":48}},"819":{"start":{"line":820,"column":0},"end":{"line":820,"column":47}},"820":{"start":{"line":821,"column":0},"end":{"line":821,"column":55}},"821":{"start":{"line":822,"column":0},"end":{"line":822,"column":7}},"823":{"start":{"line":824,"column":0},"end":{"line":824,"column":5}},"824":{"start":{"line":825,"column":0},"end":{"line":825,"column":20}},"825":{"start":{"line":826,"column":0},"end":{"line":826,"column":77}},"826":{"start":{"line":827,"column":0},"end":{"line":827,"column":85}},"827":{"start":{"line":828,"column":0},"end":{"line":828,"column":12}},"828":{"start":{"line":829,"column":0},"end":{"line":829,"column":30}},"829":{"start":{"line":830,"column":0},"end":{"line":830,"column":81}},"831":{"start":{"line":832,"column":0},"end":{"line":832,"column":5}},"832":{"start":{"line":833,"column":0},"end":{"line":833,"column":70}},"833":{"start":{"line":834,"column":0},"end":{"line":834,"column":86}},"834":{"start":{"line":835,"column":0},"end":{"line":835,"column":36}},"835":{"start":{"line":836,"column":0},"end":{"line":836,"column":25}},"836":{"start":{"line":837,"column":0},"end":{"line":837,"column":36}},"837":{"start":{"line":838,"column":0},"end":{"line":838,"column":27}},"838":{"start":{"line":839,"column":0},"end":{"line":839,"column":9}},"839":{"start":{"line":840,"column":0},"end":{"line":840,"column":52}},"840":{"start":{"line":841,"column":0},"end":{"line":841,"column":7}},"845":{"start":{"line":846,"column":0},"end":{"line":846,"column":20}},"846":{"start":{"line":847,"column":0},"end":{"line":847,"column":19}},"847":{"start":{"line":848,"column":0},"end":{"line":848,"column":51}},"849":{"start":{"line":850,"column":0},"end":{"line":850,"column":8}},"850":{"start":{"line":851,"column":0},"end":{"line":851,"column":23}},"851":{"start":{"line":852,"column":0},"end":{"line":852,"column":17}},"852":{"start":{"line":853,"column":0},"end":{"line":853,"column":71}},"855":{"start":{"line":856,"column":0},"end":{"line":856,"column":5}},"856":{"start":{"line":857,"column":0},"end":{"line":857,"column":74}},"857":{"start":{"line":858,"column":0},"end":{"line":858,"column":81}},"858":{"start":{"line":859,"column":0},"end":{"line":859,"column":88}},"859":{"start":{"line":860,"column":0},"end":{"line":860,"column":74}},"860":{"start":{"line":861,"column":0},"end":{"line":861,"column":12}},"861":{"start":{"line":862,"column":0},"end":{"line":862,"column":30}},"862":{"start":{"line":863,"column":0},"end":{"line":863,"column":66}},"865":{"start":{"line":866,"column":0},"end":{"line":866,"column":90}},"866":{"start":{"line":867,"column":0},"end":{"line":867,"column":5}},"867":{"start":{"line":868,"column":0},"end":{"line":868,"column":12}},"868":{"start":{"line":869,"column":0},"end":{"line":869,"column":27}},"869":{"start":{"line":870,"column":0},"end":{"line":870,"column":58}},"871":{"start":{"line":872,"column":0},"end":{"line":872,"column":90}},"872":{"start":{"line":873,"column":0},"end":{"line":873,"column":5}},"873":{"start":{"line":874,"column":0},"end":{"line":874,"column":12}},"874":{"start":{"line":875,"column":0},"end":{"line":875,"column":30}},"875":{"start":{"line":876,"column":0},"end":{"line":876,"column":57}},"877":{"start":{"line":878,"column":0},"end":{"line":878,"column":90}},"878":{"start":{"line":879,"column":0},"end":{"line":879,"column":5}},"879":{"start":{"line":880,"column":0},"end":{"line":880,"column":12}},"880":{"start":{"line":881,"column":0},"end":{"line":881,"column":30}},"881":{"start":{"line":882,"column":0},"end":{"line":882,"column":82}},"883":{"start":{"line":884,"column":0},"end":{"line":884,"column":90}},"884":{"start":{"line":885,"column":0},"end":{"line":885,"column":5}},"885":{"start":{"line":886,"column":0},"end":{"line":886,"column":12}},"886":{"start":{"line":887,"column":0},"end":{"line":887,"column":33}},"887":{"start":{"line":888,"column":0},"end":{"line":888,"column":87}},"889":{"start":{"line":890,"column":0},"end":{"line":890,"column":90}},"890":{"start":{"line":891,"column":0},"end":{"line":891,"column":5}},"891":{"start":{"line":892,"column":0},"end":{"line":892,"column":84}},"892":{"start":{"line":893,"column":0},"end":{"line":893,"column":71}},"893":{"start":{"line":894,"column":0},"end":{"line":894,"column":51}},"894":{"start":{"line":895,"column":0},"end":{"line":895,"column":50}},"895":{"start":{"line":896,"column":0},"end":{"line":896,"column":58}},"896":{"start":{"line":897,"column":0},"end":{"line":897,"column":7}},"898":{"start":{"line":899,"column":0},"end":{"line":899,"column":13}},"899":{"start":{"line":900,"column":0},"end":{"line":900,"column":1}},"905":{"start":{"line":906,"column":0},"end":{"line":906,"column":48}},"918":{"start":{"line":919,"column":0},"end":{"line":919,"column":41}},"919":{"start":{"line":920,"column":0},"end":{"line":920,"column":7}},"920":{"start":{"line":921,"column":0},"end":{"line":921,"column":75}},"921":{"start":{"line":922,"column":0},"end":{"line":922,"column":59}},"922":{"start":{"line":923,"column":0},"end":{"line":923,"column":11}},"923":{"start":{"line":924,"column":0},"end":{"line":924,"column":17}},"924":{"start":{"line":925,"column":0},"end":{"line":925,"column":3}},"925":{"start":{"line":926,"column":0},"end":{"line":926,"column":1}},"931":{"start":{"line":932,"column":0},"end":{"line":932,"column":21}},"932":{"start":{"line":933,"column":0},"end":{"line":933,"column":51}},"933":{"start":{"line":934,"column":0},"end":{"line":934,"column":63}},"934":{"start":{"line":935,"column":0},"end":{"line":935,"column":20}},"935":{"start":{"line":936,"column":0},"end":{"line":936,"column":5}},"936":{"start":{"line":937,"column":0},"end":{"line":937,"column":1}}},"s":{"22":1,"23":1,"24":1,"25":1,"31":1,"50":31,"51":31,"52":31,"53":31,"54":31,"64":17,"65":17,"66":17,"67":17,"68":1,"69":1,"70":14,"71":14,"88":13,"89":13,"90":13,"91":13,"92":13,"94":13,"96":13,"97":13,"98":2,"99":2,"101":2,"102":2,"103":2,"105":13,"106":1,"107":1,"109":1,"110":1,"111":1,"114":13,"115":7,"116":7,"117":7,"118":10,"119":10,"120":7,"125":13,"126":13,"127":2,"128":2,"129":13,"130":1,"131":1,"134":7,"135":13,"136":6,"137":6,"138":9,"139":9,"140":9,"141":13,"142":1,"143":1,"144":1,"146":1,"147":1,"149":7,"150":7,"151":13,"152":3,"153":3,"154":3,"155":3,"156":13,"188":11,"189":11,"190":11,"192":11,"193":11,"194":11,"195":11,"196":11,"197":11,"201":11,"202":11,"203":11,"204":11,"205":20,"206":10,"207":10,"208":10,"209":10,"210":10,"211":10,"212":20,"213":11,"214":11,"216":0,"218":11,"219":20,"220":20,"222":20,"223":20,"225":20,"226":20,"227":20,"228":16,"229":16,"231":17,"232":17,"233":17,"234":17,"235":17,"236":17,"237":17,"238":17,"240":11,"241":11,"246":5,"247":5,"248":5,"249":5,"250":5,"251":5,"252":9,"253":4,"254":5,"255":4,"256":1,"257":9,"258":9,"259":9,"260":5,"261":5,"262":5,"263":5,"264":5,"275":18,"276":18,"277":18,"278":18,"279":17,"281":18,"282":3,"283":3,"286":3,"287":3,"288":3,"291":18,"292":1,"293":1,"294":1,"296":0,"297":1,"300":18,"301":6,"302":6,"303":3,"304":3,"305":3,"306":3,"307":3,"308":3,"309":6,"311":11,"313":18,"314":6,"315":18,"316":5,"317":5,"319":11,"320":18,"321":1,"322":1,"323":1,"324":1,"325":18,"392":1,"393":1,"399":5,"400":5,"401":5,"402":4,"403":5,"404":4,"405":4,"406":4,"407":5,"408":4,"409":4,"414":7,"415":7,"416":7,"417":5,"418":5,"419":7,"420":5,"421":5,"426":5,"427":5,"428":5,"429":4,"430":5,"431":3,"432":3,"439":20,"440":20,"442":2,"443":2,"444":2,"445":2,"446":20,"448":3,"449":3,"450":3,"451":3,"452":3,"453":3,"454":3,"455":3,"456":3,"457":3,"458":3,"459":15,"460":15,"466":20,"467":20,"468":20,"469":20,"470":20,"471":20,"472":20,"473":20,"474":20,"475":20,"476":20,"482":1,"483":20,"484":20,"485":20,"486":20,"487":20,"488":20,"490":20,"491":20,"492":20,"493":20,"494":20,"495":20,"496":20,"497":20,"498":20,"499":20,"500":20,"501":20,"502":20,"503":20,"504":20,"506":20,"507":20,"508":20,"509":20,"510":20,"511":20,"512":20,"514":20,"515":20,"516":20,"517":20,"518":20,"519":20,"520":4,"521":4,"522":4,"523":4,"524":4,"525":4,"526":4,"528":20,"530":20,"531":20,"532":20,"533":20,"534":20,"535":20,"536":20,"537":20,"538":20,"539":20,"540":20,"541":20,"542":20,"544":20,"545":6,"546":6,"547":6,"548":6,"549":20,"550":4,"551":4,"552":20,"554":20,"555":20,"556":20,"558":20,"559":9,"560":9,"561":3,"562":3,"563":3,"564":3,"565":3,"566":3,"567":3,"568":9,"569":3,"570":3,"571":3,"572":3,"573":3,"574":3,"575":3,"576":9,"577":2,"578":2,"579":2,"580":2,"581":2,"582":2,"583":2,"584":2,"585":2,"586":2,"587":9,"588":2,"589":2,"590":2,"591":2,"592":2,"593":2,"594":2,"595":9,"596":1,"597":1,"598":1,"599":1,"600":1,"601":1,"602":1,"603":9,"604":20,"605":11,"606":11,"607":11,"608":11,"609":11,"610":11,"611":20,"617":20,"618":3,"619":3,"620":3,"621":3,"622":3,"623":3,"624":3,"625":3,"626":3,"627":3,"628":3,"629":3,"630":3,"631":3,"632":3,"633":3,"634":3,"635":3,"636":3,"637":3,"638":3,"639":3,"640":3,"642":20,"643":2,"644":2,"645":2,"646":2,"647":2,"648":2,"649":2,"650":2,"651":2,"652":2,"653":2,"655":20,"656":20,"658":20,"659":20,"667":14,"668":14,"671":14,"672":2,"673":2,"674":2,"675":2,"676":2,"679":14,"680":2,"681":1,"682":1,"683":1,"684":1,"685":1,"686":1,"687":2,"688":14,"689":1,"690":1,"691":1,"692":1,"693":1,"694":14,"695":1,"696":1,"697":1,"698":1,"699":1,"700":14,"701":1,"702":1,"703":1,"704":1,"705":1,"706":1,"707":1,"708":14,"709":1,"710":1,"711":1,"712":1,"713":1,"714":1,"715":1,"717":7,"718":14,"719":14,"720":14,"721":14,"723":14,"724":1,"725":1,"726":1,"727":1,"728":1,"729":1,"732":14,"733":1,"734":1,"735":1,"736":1,"737":1,"740":5,"741":14,"742":1,"743":1,"744":1,"745":14,"746":0,"747":0,"748":0,"749":0,"752":5,"753":5,"754":14,"755":0,"756":0,"757":0,"758":0,"760":5,"761":5,"762":5,"763":5,"764":5,"765":5,"766":5,"767":5,"768":5,"769":5,"770":5,"771":5,"772":5,"774":5,"775":5,"784":5,"785":5,"789":5,"790":5,"791":13,"792":13,"793":5,"794":2,"795":2,"796":5,"806":1,"807":15,"809":15,"810":15,"811":15,"812":15,"814":15,"815":15,"816":15,"817":15,"818":15,"819":2,"820":2,"821":15,"823":15,"824":15,"825":15,"826":15,"827":15,"828":15,"829":15,"831":15,"832":15,"833":15,"834":3,"835":3,"836":3,"837":3,"838":3,"839":3,"840":15,"845":15,"846":15,"847":15,"849":15,"850":15,"851":15,"852":15,"855":15,"856":15,"857":15,"858":15,"859":15,"860":15,"861":15,"862":15,"865":15,"866":15,"867":15,"868":15,"869":15,"871":15,"872":15,"873":15,"874":15,"875":15,"877":15,"878":15,"879":15,"880":15,"881":15,"883":15,"884":15,"885":15,"886":15,"887":15,"889":15,"890":15,"891":15,"892":15,"893":15,"894":0,"895":0,"896":15,"898":15,"899":15,"905":1,"918":1,"919":2,"920":2,"921":2,"922":2,"923":0,"924":0,"925":2,"931":1,"932":0,"933":0,"934":0,"935":0,"936":0},"branchMap":{"0":{"type":"branch","line":932,"loc":{"start":{"line":932,"column":20},"end":{"line":937,"column":1}},"locations":[{"start":{"line":932,"column":20},"end":{"line":937,"column":1}}]},"1":{"type":"branch","line":51,"loc":{"start":{"line":51,"column":0},"end":{"line":55,"column":1}},"locations":[{"start":{"line":51,"column":0},"end":{"line":55,"column":1}}]},"2":{"type":"branch","line":65,"loc":{"start":{"line":65,"column":0},"end":{"line":72,"column":1}},"locations":[{"start":{"line":65,"column":0},"end":{"line":72,"column":1}}]},"3":{"type":"branch","line":66,"loc":{"start":{"line":66,"column":19},"end":{"line":66,"column":39}},"locations":[{"start":{"line":66,"column":19},"end":{"line":66,"column":39}}]},"4":{"type":"branch","line":67,"loc":{"start":{"line":67,"column":12},"end":{"line":67,"column":24}},"locations":[{"start":{"line":67,"column":12},"end":{"line":67,"column":24}}]},"5":{"type":"branch","line":67,"loc":{"start":{"line":67,"column":19},"end":{"line":68,"column":68}},"locations":[{"start":{"line":67,"column":19},"end":{"line":68,"column":68}}]},"6":{"type":"branch","line":68,"loc":{"start":{"line":68,"column":68},"end":{"line":70,"column":3}},"locations":[{"start":{"line":68,"column":68},"end":{"line":70,"column":3}}]},"7":{"type":"branch","line":70,"loc":{"start":{"line":70,"column":2},"end":{"line":72,"column":1}},"locations":[{"start":{"line":70,"column":2},"end":{"line":72,"column":1}}]},"8":{"type":"branch","line":89,"loc":{"start":{"line":89,"column":0},"end":{"line":157,"column":1}},"locations":[{"start":{"line":89,"column":0},"end":{"line":157,"column":1}}]},"9":{"type":"branch","line":95,"loc":{"start":{"line":95,"column":47},"end":{"line":97,"column":32}},"locations":[{"start":{"line":95,"column":47},"end":{"line":97,"column":32}}]},"10":{"type":"branch","line":97,"loc":{"start":{"line":97,"column":21},"end":{"line":97,"column":41}},"locations":[{"start":{"line":97,"column":21},"end":{"line":97,"column":41}}]},"11":{"type":"branch","line":98,"loc":{"start":{"line":98,"column":14},"end":{"line":104,"column":5}},"locations":[{"start":{"line":98,"column":14},"end":{"line":104,"column":5}}]},"12":{"type":"branch","line":104,"loc":{"start":{"line":104,"column":4},"end":{"line":106,"column":70}},"locations":[{"start":{"line":104,"column":4},"end":{"line":106,"column":70}}]},"13":{"type":"branch","line":106,"loc":{"start":{"line":106,"column":70},"end":{"line":112,"column":5}},"locations":[{"start":{"line":106,"column":70},"end":{"line":112,"column":5}}]},"14":{"type":"branch","line":112,"loc":{"start":{"line":112,"column":4},"end":{"line":115,"column":47}},"locations":[{"start":{"line":112,"column":4},"end":{"line":115,"column":47}}]},"15":{"type":"branch","line":115,"loc":{"start":{"line":115,"column":60},"end":{"line":126,"column":35}},"locations":[{"start":{"line":115,"column":60},"end":{"line":126,"column":35}}]},"16":{"type":"branch","line":118,"loc":{"start":{"line":118,"column":37},"end":{"line":120,"column":7}},"locations":[{"start":{"line":118,"column":37},"end":{"line":120,"column":7}}]},"17":{"type":"branch","line":126,"loc":{"start":{"line":126,"column":24},"end":{"line":126,"column":56}},"locations":[{"start":{"line":126,"column":24},"end":{"line":126,"column":56}}]},"18":{"type":"branch","line":127,"loc":{"start":{"line":127,"column":17},"end":{"line":130,"column":15}},"locations":[{"start":{"line":127,"column":17},"end":{"line":130,"column":15}}]},"19":{"type":"branch","line":128,"loc":{"start":{"line":128,"column":45},"end":{"line":128,"column":59}},"locations":[{"start":{"line":128,"column":45},"end":{"line":128,"column":59}}]},"20":{"type":"branch","line":128,"loc":{"start":{"line":128,"column":49},"end":{"line":128,"column":69}},"locations":[{"start":{"line":128,"column":49},"end":{"line":128,"column":69}}]},"21":{"type":"branch","line":130,"loc":{"start":{"line":130,"column":4},"end":{"line":132,"column":5}},"locations":[{"start":{"line":130,"column":4},"end":{"line":132,"column":5}}]},"22":{"type":"branch","line":130,"loc":{"start":{"line":130,"column":36},"end":{"line":132,"column":5}},"locations":[{"start":{"line":130,"column":36},"end":{"line":132,"column":5}}]},"23":{"type":"branch","line":132,"loc":{"start":{"line":132,"column":4},"end":{"line":136,"column":55}},"locations":[{"start":{"line":132,"column":4},"end":{"line":136,"column":55}}]},"24":{"type":"branch","line":136,"loc":{"start":{"line":136,"column":55},"end":{"line":142,"column":11}},"locations":[{"start":{"line":136,"column":55},"end":{"line":142,"column":11}}]},"25":{"type":"branch","line":138,"loc":{"start":{"line":138,"column":56},"end":{"line":141,"column":7}},"locations":[{"start":{"line":138,"column":56},"end":{"line":141,"column":7}}]},"26":{"type":"branch","line":139,"loc":{"start":{"line":139,"column":35},"end":{"line":139,"column":52}},"locations":[{"start":{"line":139,"column":35},"end":{"line":139,"column":52}}]},"27":{"type":"branch","line":139,"loc":{"start":{"line":139,"column":42},"end":{"line":139,"column":62}},"locations":[{"start":{"line":139,"column":42},"end":{"line":139,"column":62}}]},"28":{"type":"branch","line":142,"loc":{"start":{"line":142,"column":4},"end":{"line":148,"column":5}},"locations":[{"start":{"line":142,"column":4},"end":{"line":148,"column":5}}]},"29":{"type":"branch","line":148,"loc":{"start":{"line":148,"column":4},"end":{"line":152,"column":11}},"locations":[{"start":{"line":148,"column":4},"end":{"line":152,"column":11}}]},"30":{"type":"branch","line":152,"loc":{"start":{"line":152,"column":2},"end":{"line":156,"column":3}},"locations":[{"start":{"line":152,"column":2},"end":{"line":156,"column":3}}]},"31":{"type":"branch","line":153,"loc":{"start":{"line":153,"column":35},"end":{"line":153,"column":57}},"locations":[{"start":{"line":153,"column":35},"end":{"line":153,"column":57}}]},"32":{"type":"branch","line":153,"loc":{"start":{"line":153,"column":47},"end":{"line":153,"column":69}},"locations":[{"start":{"line":153,"column":47},"end":{"line":153,"column":69}}]},"33":{"type":"branch","line":189,"loc":{"start":{"line":189,"column":0},"end":{"line":242,"column":1}},"locations":[{"start":{"line":189,"column":0},"end":{"line":242,"column":1}}]},"34":{"type":"branch","line":190,"loc":{"start":{"line":190,"column":48},"end":{"line":190,"column":68}},"locations":[{"start":{"line":190,"column":48},"end":{"line":190,"column":68}}]},"35":{"type":"branch","line":203,"loc":{"start":{"line":203,"column":35},"end":{"line":203,"column":50}},"locations":[{"start":{"line":203,"column":35},"end":{"line":203,"column":50}}]},"36":{"type":"branch","line":205,"loc":{"start":{"line":205,"column":36},"end":{"line":213,"column":5}},"locations":[{"start":{"line":205,"column":36},"end":{"line":213,"column":5}}]},"37":{"type":"branch","line":206,"loc":{"start":{"line":206,"column":35},"end":{"line":206,"column":50}},"locations":[{"start":{"line":206,"column":35},"end":{"line":206,"column":50}}]},"38":{"type":"branch","line":206,"loc":{"start":{"line":206,"column":50},"end":{"line":212,"column":7}},"locations":[{"start":{"line":206,"column":50},"end":{"line":212,"column":7}}]},"39":{"type":"branch","line":208,"loc":{"start":{"line":208,"column":35},"end":{"line":208,"column":67}},"locations":[{"start":{"line":208,"column":35},"end":{"line":208,"column":67}}]},"40":{"type":"branch","line":210,"loc":{"start":{"line":210,"column":40},"end":{"line":210,"column":62}},"locations":[{"start":{"line":210,"column":40},"end":{"line":210,"column":62}}]},"41":{"type":"branch","line":215,"loc":{"start":{"line":215,"column":2},"end":{"line":217,"column":3}},"locations":[{"start":{"line":215,"column":2},"end":{"line":217,"column":3}}]},"42":{"type":"branch","line":219,"loc":{"start":{"line":219,"column":49},"end":{"line":239,"column":3}},"locations":[{"start":{"line":219,"column":49},"end":{"line":239,"column":3}}]},"43":{"type":"branch","line":221,"loc":{"start":{"line":221,"column":24},"end":{"line":221,"column":60}},"locations":[{"start":{"line":221,"column":24},"end":{"line":221,"column":60}}]},"44":{"type":"branch","line":221,"loc":{"start":{"line":221,"column":60},"end":{"line":221,"column":69}},"locations":[{"start":{"line":221,"column":60},"end":{"line":221,"column":69}}]},"45":{"type":"branch","line":221,"loc":{"start":{"line":221,"column":60},"end":{"line":223,"column":41}},"locations":[{"start":{"line":221,"column":60},"end":{"line":223,"column":41}}]},"46":{"type":"branch","line":224,"loc":{"start":{"line":224,"column":23},"end":{"line":224,"column":38}},"locations":[{"start":{"line":224,"column":23},"end":{"line":224,"column":38}}]},"47":{"type":"branch","line":224,"loc":{"start":{"line":224,"column":31},"end":{"line":224,"column":48}},"locations":[{"start":{"line":224,"column":31},"end":{"line":224,"column":48}}]},"48":{"type":"branch","line":224,"loc":{"start":{"line":224,"column":38},"end":{"line":224,"column":53}},"locations":[{"start":{"line":224,"column":38},"end":{"line":224,"column":53}}]},"49":{"type":"branch","line":227,"loc":{"start":{"line":227,"column":27},"end":{"line":227,"column":51}},"locations":[{"start":{"line":227,"column":27},"end":{"line":227,"column":51}}]},"50":{"type":"branch","line":228,"loc":{"start":{"line":228,"column":8},"end":{"line":228,"column":57}},"locations":[{"start":{"line":228,"column":8},"end":{"line":228,"column":57}}]},"51":{"type":"branch","line":228,"loc":{"start":{"line":228,"column":57},"end":{"line":230,"column":5}},"locations":[{"start":{"line":228,"column":57},"end":{"line":230,"column":5}}]},"52":{"type":"branch","line":230,"loc":{"start":{"line":230,"column":4},"end":{"line":239,"column":3}},"locations":[{"start":{"line":230,"column":4},"end":{"line":239,"column":3}}]},"53":{"type":"branch","line":247,"loc":{"start":{"line":247,"column":0},"end":{"line":265,"column":1}},"locations":[{"start":{"line":247,"column":0},"end":{"line":265,"column":1}}]},"54":{"type":"branch","line":252,"loc":{"start":{"line":252,"column":36},"end":{"line":260,"column":3}},"locations":[{"start":{"line":252,"column":36},"end":{"line":260,"column":3}}]},"55":{"type":"branch","line":253,"loc":{"start":{"line":253,"column":18},"end":{"line":254,"column":19}},"locations":[{"start":{"line":253,"column":18},"end":{"line":254,"column":19}}]},"56":{"type":"branch","line":254,"loc":{"start":{"line":254,"column":8},"end":{"line":257,"column":13}},"locations":[{"start":{"line":254,"column":8},"end":{"line":257,"column":13}}]},"57":{"type":"branch","line":255,"loc":{"start":{"line":255,"column":10},"end":{"line":256,"column":21}},"locations":[{"start":{"line":255,"column":10},"end":{"line":256,"column":21}}]},"58":{"type":"branch","line":256,"loc":{"start":{"line":256,"column":10},"end":{"line":257,"column":13}},"locations":[{"start":{"line":256,"column":10},"end":{"line":257,"column":13}}]},"59":{"type":"branch","line":258,"loc":{"start":{"line":258,"column":36},"end":{"line":258,"column":55}},"locations":[{"start":{"line":258,"column":36},"end":{"line":258,"column":55}}]},"60":{"type":"branch","line":258,"loc":{"start":{"line":258,"column":43},"end":{"line":258,"column":73}},"locations":[{"start":{"line":258,"column":43},"end":{"line":258,"column":73}}]},"61":{"type":"branch","line":276,"loc":{"start":{"line":276,"column":0},"end":{"line":326,"column":1}},"locations":[{"start":{"line":276,"column":0},"end":{"line":326,"column":1}}]},"62":{"type":"branch","line":279,"loc":{"start":{"line":279,"column":47},"end":{"line":282,"column":14}},"locations":[{"start":{"line":279,"column":47},"end":{"line":282,"column":14}}]},"63":{"type":"branch","line":282,"loc":{"start":{"line":282,"column":14},"end":{"line":289,"column":5}},"locations":[{"start":{"line":282,"column":14},"end":{"line":289,"column":5}}]},"64":{"type":"branch","line":289,"loc":{"start":{"line":289,"column":4},"end":{"line":292,"column":31}},"locations":[{"start":{"line":289,"column":4},"end":{"line":292,"column":31}}]},"65":{"type":"branch","line":292,"loc":{"start":{"line":292,"column":12},"end":{"line":292,"column":81}},"locations":[{"start":{"line":292,"column":12},"end":{"line":292,"column":81}}]},"66":{"type":"branch","line":292,"loc":{"start":{"line":292,"column":81},"end":{"line":298,"column":5}},"locations":[{"start":{"line":292,"column":81},"end":{"line":298,"column":5}}]},"67":{"type":"branch","line":295,"loc":{"start":{"line":295,"column":6},"end":{"line":297,"column":7}},"locations":[{"start":{"line":295,"column":6},"end":{"line":297,"column":7}}]},"68":{"type":"branch","line":298,"loc":{"start":{"line":298,"column":4},"end":{"line":301,"column":39}},"locations":[{"start":{"line":298,"column":4},"end":{"line":301,"column":39}}]},"69":{"type":"branch","line":301,"loc":{"start":{"line":301,"column":39},"end":{"line":310,"column":5}},"locations":[{"start":{"line":301,"column":39},"end":{"line":310,"column":5}}]},"70":{"type":"branch","line":302,"loc":{"start":{"line":302,"column":52},"end":{"line":302,"column":72}},"locations":[{"start":{"line":302,"column":52},"end":{"line":302,"column":72}}]},"71":{"type":"branch","line":303,"loc":{"start":{"line":303,"column":52},"end":{"line":309,"column":7}},"locations":[{"start":{"line":303,"column":52},"end":{"line":309,"column":7}}]},"72":{"type":"branch","line":306,"loc":{"start":{"line":306,"column":56},"end":{"line":306,"column":69}},"locations":[{"start":{"line":306,"column":56},"end":{"line":306,"column":69}}]},"73":{"type":"branch","line":310,"loc":{"start":{"line":310,"column":4},"end":{"line":314,"column":22}},"locations":[{"start":{"line":310,"column":4},"end":{"line":314,"column":22}}]},"74":{"type":"branch","line":314,"loc":{"start":{"line":314,"column":22},"end":{"line":316,"column":11}},"locations":[{"start":{"line":314,"column":22},"end":{"line":316,"column":11}}]},"75":{"type":"branch","line":316,"loc":{"start":{"line":316,"column":4},"end":{"line":318,"column":5}},"locations":[{"start":{"line":316,"column":4},"end":{"line":318,"column":5}}]},"76":{"type":"branch","line":318,"loc":{"start":{"line":318,"column":4},"end":{"line":321,"column":11}},"locations":[{"start":{"line":318,"column":4},"end":{"line":321,"column":11}}]},"77":{"type":"branch","line":321,"loc":{"start":{"line":321,"column":2},"end":{"line":325,"column":3}},"locations":[{"start":{"line":321,"column":2},"end":{"line":325,"column":3}}]},"78":{"type":"branch","line":322,"loc":{"start":{"line":322,"column":47},"end":{"line":322,"column":69}},"locations":[{"start":{"line":322,"column":47},"end":{"line":322,"column":69}}]},"79":{"type":"branch","line":400,"loc":{"start":{"line":400,"column":0},"end":{"line":410,"column":1}},"locations":[{"start":{"line":400,"column":0},"end":{"line":410,"column":1}}]},"80":{"type":"branch","line":402,"loc":{"start":{"line":402,"column":23},"end":{"line":402,"column":35}},"locations":[{"start":{"line":402,"column":23},"end":{"line":402,"column":35}}]},"81":{"type":"branch","line":402,"loc":{"start":{"line":402,"column":30},"end":{"line":404,"column":25}},"locations":[{"start":{"line":402,"column":30},"end":{"line":404,"column":25}}]},"82":{"type":"branch","line":404,"loc":{"start":{"line":404,"column":18},"end":{"line":404,"column":30}},"locations":[{"start":{"line":404,"column":18},"end":{"line":404,"column":30}}]},"83":{"type":"branch","line":404,"loc":{"start":{"line":404,"column":25},"end":{"line":408,"column":33}},"locations":[{"start":{"line":404,"column":25},"end":{"line":408,"column":33}}]},"84":{"type":"branch","line":408,"loc":{"start":{"line":408,"column":18},"end":{"line":408,"column":43}},"locations":[{"start":{"line":408,"column":18},"end":{"line":408,"column":43}}]},"85":{"type":"branch","line":408,"loc":{"start":{"line":408,"column":43},"end":{"line":408,"column":55}},"locations":[{"start":{"line":408,"column":43},"end":{"line":408,"column":55}}]},"86":{"type":"branch","line":408,"loc":{"start":{"line":408,"column":50},"end":{"line":410,"column":1}},"locations":[{"start":{"line":408,"column":50},"end":{"line":410,"column":1}}]},"87":{"type":"branch","line":415,"loc":{"start":{"line":415,"column":0},"end":{"line":422,"column":1}},"locations":[{"start":{"line":415,"column":0},"end":{"line":422,"column":1}}]},"88":{"type":"branch","line":417,"loc":{"start":{"line":417,"column":18},"end":{"line":417,"column":30}},"locations":[{"start":{"line":417,"column":18},"end":{"line":417,"column":30}}]},"89":{"type":"branch","line":417,"loc":{"start":{"line":417,"column":25},"end":{"line":420,"column":25}},"locations":[{"start":{"line":417,"column":25},"end":{"line":420,"column":25}}]},"90":{"type":"branch","line":420,"loc":{"start":{"line":420,"column":25},"end":{"line":420,"column":37}},"locations":[{"start":{"line":420,"column":25},"end":{"line":420,"column":37}}]},"91":{"type":"branch","line":420,"loc":{"start":{"line":420,"column":32},"end":{"line":422,"column":1}},"locations":[{"start":{"line":420,"column":32},"end":{"line":422,"column":1}}]},"92":{"type":"branch","line":427,"loc":{"start":{"line":427,"column":0},"end":{"line":433,"column":1}},"locations":[{"start":{"line":427,"column":0},"end":{"line":433,"column":1}}]},"93":{"type":"branch","line":429,"loc":{"start":{"line":429,"column":14},"end":{"line":429,"column":26}},"locations":[{"start":{"line":429,"column":14},"end":{"line":429,"column":26}}]},"94":{"type":"branch","line":429,"loc":{"start":{"line":429,"column":21},"end":{"line":431,"column":46}},"locations":[{"start":{"line":429,"column":21},"end":{"line":431,"column":46}}]},"95":{"type":"branch","line":431,"loc":{"start":{"line":431,"column":39},"end":{"line":431,"column":51}},"locations":[{"start":{"line":431,"column":39},"end":{"line":431,"column":51}}]},"96":{"type":"branch","line":431,"loc":{"start":{"line":431,"column":46},"end":{"line":433,"column":1}},"locations":[{"start":{"line":431,"column":46},"end":{"line":433,"column":1}}]},"97":{"type":"branch","line":440,"loc":{"start":{"line":440,"column":0},"end":{"line":461,"column":1}},"locations":[{"start":{"line":440,"column":0},"end":{"line":461,"column":1}}]},"98":{"type":"branch","line":441,"loc":{"start":{"line":441,"column":20},"end":{"line":446,"column":3}},"locations":[{"start":{"line":441,"column":20},"end":{"line":446,"column":3}}]},"99":{"type":"branch","line":444,"loc":{"start":{"line":444,"column":46},"end":{"line":445,"column":26}},"locations":[{"start":{"line":444,"column":46},"end":{"line":445,"column":26}}]},"100":{"type":"branch","line":445,"loc":{"start":{"line":445,"column":15},"end":{"line":445,"column":48}},"locations":[{"start":{"line":445,"column":15},"end":{"line":445,"column":48}}]},"101":{"type":"branch","line":446,"loc":{"start":{"line":446,"column":2},"end":{"line":447,"column":19}},"locations":[{"start":{"line":446,"column":2},"end":{"line":447,"column":19}}]},"102":{"type":"branch","line":447,"loc":{"start":{"line":447,"column":19},"end":{"line":459,"column":3}},"locations":[{"start":{"line":447,"column":19},"end":{"line":459,"column":3}}]},"103":{"type":"branch","line":459,"loc":{"start":{"line":459,"column":2},"end":{"line":461,"column":1}},"locations":[{"start":{"line":459,"column":2},"end":{"line":461,"column":1}}]},"104":{"type":"branch","line":454,"loc":{"start":{"line":454,"column":14},"end":{"line":454,"column":51}},"locations":[{"start":{"line":454,"column":14},"end":{"line":454,"column":51}}]},"105":{"type":"branch","line":457,"loc":{"start":{"line":457,"column":23},"end":{"line":457,"column":61}},"locations":[{"start":{"line":457,"column":23},"end":{"line":457,"column":61}}]},"106":{"type":"branch","line":467,"loc":{"start":{"line":467,"column":0},"end":{"line":477,"column":1}},"locations":[{"start":{"line":467,"column":0},"end":{"line":477,"column":1}}]},"107":{"type":"branch","line":473,"loc":{"start":{"line":473,"column":27},"end":{"line":473,"column":45}},"locations":[{"start":{"line":473,"column":27},"end":{"line":473,"column":45}}]},"108":{"type":"branch","line":474,"loc":{"start":{"line":474,"column":24},"end":{"line":474,"column":42}},"locations":[{"start":{"line":474,"column":24},"end":{"line":474,"column":42}}]},"109":{"type":"branch","line":475,"loc":{"start":{"line":475,"column":27},"end":{"line":475,"column":45}},"locations":[{"start":{"line":475,"column":27},"end":{"line":475,"column":45}}]},"110":{"type":"branch","line":483,"loc":{"start":{"line":483,"column":7},"end":{"line":660,"column":1}},"locations":[{"start":{"line":483,"column":7},"end":{"line":660,"column":1}}]},"111":{"type":"branch","line":488,"loc":{"start":{"line":488,"column":12},"end":{"line":488,"column":76}},"locations":[{"start":{"line":488,"column":12},"end":{"line":488,"column":76}}]},"112":{"type":"branch","line":491,"loc":{"start":{"line":491,"column":27},"end":{"line":491,"column":45}},"locations":[{"start":{"line":491,"column":27},"end":{"line":491,"column":45}}]},"113":{"type":"branch","line":494,"loc":{"start":{"line":494,"column":24},"end":{"line":494,"column":39}},"locations":[{"start":{"line":494,"column":24},"end":{"line":494,"column":39}}]},"114":{"type":"branch","line":497,"loc":{"start":{"line":497,"column":27},"end":{"line":497,"column":45}},"locations":[{"start":{"line":497,"column":27},"end":{"line":497,"column":45}}]},"115":{"type":"branch","line":500,"loc":{"start":{"line":500,"column":32},"end":{"line":500,"column":50}},"locations":[{"start":{"line":500,"column":32},"end":{"line":500,"column":50}}]},"116":{"type":"branch","line":503,"loc":{"start":{"line":503,"column":35},"end":{"line":503,"column":56}},"locations":[{"start":{"line":503,"column":35},"end":{"line":503,"column":56}}]},"117":{"type":"branch","line":509,"loc":{"start":{"line":509,"column":21},"end":{"line":509,"column":45}},"locations":[{"start":{"line":509,"column":21},"end":{"line":509,"column":45}}]},"118":{"type":"branch","line":509,"loc":{"start":{"line":509,"column":40},"end":{"line":509,"column":64}},"locations":[{"start":{"line":509,"column":40},"end":{"line":509,"column":64}}]},"119":{"type":"branch","line":511,"loc":{"start":{"line":511,"column":26},"end":{"line":511,"column":58}},"locations":[{"start":{"line":511,"column":26},"end":{"line":511,"column":58}}]},"120":{"type":"branch","line":512,"loc":{"start":{"line":512,"column":29},"end":{"line":512,"column":78}},"locations":[{"start":{"line":512,"column":29},"end":{"line":512,"column":78}}]},"121":{"type":"branch","line":513,"loc":{"start":{"line":513,"column":49},"end":{"line":513,"column":73}},"locations":[{"start":{"line":513,"column":49},"end":{"line":513,"column":73}}]},"122":{"type":"branch","line":518,"loc":{"start":{"line":518,"column":29},"end":{"line":518,"column":59}},"locations":[{"start":{"line":518,"column":29},"end":{"line":518,"column":59}}]},"123":{"type":"branch","line":519,"loc":{"start":{"line":519,"column":31},"end":{"line":519,"column":63}},"locations":[{"start":{"line":519,"column":31},"end":{"line":519,"column":63}}]},"124":{"type":"branch","line":520,"loc":{"start":{"line":520,"column":29},"end":{"line":527,"column":3}},"locations":[{"start":{"line":520,"column":29},"end":{"line":527,"column":3}}]},"125":{"type":"branch","line":545,"loc":{"start":{"line":545,"column":30},"end":{"line":549,"column":3}},"locations":[{"start":{"line":545,"column":30},"end":{"line":549,"column":3}}]},"126":{"type":"branch","line":550,"loc":{"start":{"line":550,"column":29},"end":{"line":552,"column":3}},"locations":[{"start":{"line":550,"column":29},"end":{"line":552,"column":3}}]},"127":{"type":"branch","line":559,"loc":{"start":{"line":559,"column":26},"end":{"line":605,"column":9}},"locations":[{"start":{"line":559,"column":26},"end":{"line":605,"column":9}}]},"128":{"type":"branch","line":561,"loc":{"start":{"line":561,"column":29},"end":{"line":568,"column":5}},"locations":[{"start":{"line":561,"column":29},"end":{"line":568,"column":5}}]},"129":{"type":"branch","line":569,"loc":{"start":{"line":569,"column":26},"end":{"line":576,"column":5}},"locations":[{"start":{"line":569,"column":26},"end":{"line":576,"column":5}}]},"130":{"type":"branch","line":577,"loc":{"start":{"line":577,"column":29},"end":{"line":587,"column":5}},"locations":[{"start":{"line":577,"column":29},"end":{"line":587,"column":5}}]},"131":{"type":"branch","line":588,"loc":{"start":{"line":588,"column":34},"end":{"line":595,"column":5}},"locations":[{"start":{"line":588,"column":34},"end":{"line":595,"column":5}}]},"132":{"type":"branch","line":596,"loc":{"start":{"line":596,"column":37},"end":{"line":603,"column":5}},"locations":[{"start":{"line":596,"column":37},"end":{"line":603,"column":5}}]},"133":{"type":"branch","line":605,"loc":{"start":{"line":605,"column":2},"end":{"line":611,"column":3}},"locations":[{"start":{"line":605,"column":2},"end":{"line":611,"column":3}}]},"134":{"type":"branch","line":618,"loc":{"start":{"line":618,"column":27},"end":{"line":641,"column":3}},"locations":[{"start":{"line":618,"column":27},"end":{"line":641,"column":3}}]},"135":{"type":"branch","line":643,"loc":{"start":{"line":643,"column":27},"end":{"line":654,"column":3}},"locations":[{"start":{"line":643,"column":27},"end":{"line":654,"column":3}}]},"136":{"type":"branch","line":493,"loc":{"start":{"line":493,"column":12},"end":{"line":493,"column":51}},"locations":[{"start":{"line":493,"column":12},"end":{"line":493,"column":51}}]},"137":{"type":"branch","line":496,"loc":{"start":{"line":496,"column":12},"end":{"line":496,"column":45}},"locations":[{"start":{"line":496,"column":12},"end":{"line":496,"column":45}}]},"138":{"type":"branch","line":499,"loc":{"start":{"line":499,"column":12},"end":{"line":499,"column":45}},"locations":[{"start":{"line":499,"column":12},"end":{"line":499,"column":45}}]},"139":{"type":"branch","line":502,"loc":{"start":{"line":502,"column":12},"end":{"line":502,"column":48}},"locations":[{"start":{"line":502,"column":12},"end":{"line":502,"column":48}}]},"140":{"type":"branch","line":505,"loc":{"start":{"line":505,"column":12},"end":{"line":505,"column":48}},"locations":[{"start":{"line":505,"column":12},"end":{"line":505,"column":48}}]},"141":{"type":"branch","line":619,"loc":{"start":{"line":619,"column":21},"end":{"line":619,"column":68}},"locations":[{"start":{"line":619,"column":21},"end":{"line":619,"column":68}}]},"142":{"type":"branch","line":644,"loc":{"start":{"line":644,"column":21},"end":{"line":644,"column":68}},"locations":[{"start":{"line":644,"column":21},"end":{"line":644,"column":68}}]},"143":{"type":"branch","line":668,"loc":{"start":{"line":668,"column":0},"end":{"line":776,"column":1}},"locations":[{"start":{"line":668,"column":0},"end":{"line":776,"column":1}}]},"144":{"type":"branch","line":672,"loc":{"start":{"line":672,"column":15},"end":{"line":672,"column":59}},"locations":[{"start":{"line":672,"column":15},"end":{"line":672,"column":59}}]},"145":{"type":"branch","line":672,"loc":{"start":{"line":672,"column":59},"end":{"line":677,"column":3}},"locations":[{"start":{"line":672,"column":59},"end":{"line":677,"column":3}}]},"146":{"type":"branch","line":674,"loc":{"start":{"line":674,"column":78},"end":{"line":674,"column":97}},"locations":[{"start":{"line":674,"column":78},"end":{"line":674,"column":97}}]},"147":{"type":"branch","line":677,"loc":{"start":{"line":677,"column":2},"end":{"line":680,"column":44}},"locations":[{"start":{"line":677,"column":2},"end":{"line":680,"column":44}}]},"148":{"type":"branch","line":680,"loc":{"start":{"line":680,"column":29},"end":{"line":680,"column":48}},"locations":[{"start":{"line":680,"column":29},"end":{"line":680,"column":48}}]},"149":{"type":"branch","line":680,"loc":{"start":{"line":680,"column":48},"end":{"line":688,"column":3}},"locations":[{"start":{"line":680,"column":48},"end":{"line":688,"column":3}}]},"150":{"type":"branch","line":681,"loc":{"start":{"line":681,"column":37},"end":{"line":687,"column":5}},"locations":[{"start":{"line":681,"column":37},"end":{"line":687,"column":5}}]},"151":{"type":"branch","line":688,"loc":{"start":{"line":688,"column":2},"end":{"line":689,"column":41}},"locations":[{"start":{"line":688,"column":2},"end":{"line":689,"column":41}}]},"152":{"type":"branch","line":689,"loc":{"start":{"line":689,"column":29},"end":{"line":689,"column":45}},"locations":[{"start":{"line":689,"column":29},"end":{"line":689,"column":45}}]},"153":{"type":"branch","line":689,"loc":{"start":{"line":689,"column":45},"end":{"line":694,"column":3}},"locations":[{"start":{"line":689,"column":45},"end":{"line":694,"column":3}}]},"154":{"type":"branch","line":694,"loc":{"start":{"line":694,"column":2},"end":{"line":695,"column":44}},"locations":[{"start":{"line":694,"column":2},"end":{"line":695,"column":44}}]},"155":{"type":"branch","line":695,"loc":{"start":{"line":695,"column":29},"end":{"line":695,"column":48}},"locations":[{"start":{"line":695,"column":29},"end":{"line":695,"column":48}}]},"156":{"type":"branch","line":695,"loc":{"start":{"line":695,"column":48},"end":{"line":700,"column":3}},"locations":[{"start":{"line":695,"column":48},"end":{"line":700,"column":3}}]},"157":{"type":"branch","line":700,"loc":{"start":{"line":700,"column":2},"end":{"line":701,"column":44}},"locations":[{"start":{"line":700,"column":2},"end":{"line":701,"column":44}}]},"158":{"type":"branch","line":701,"loc":{"start":{"line":701,"column":29},"end":{"line":701,"column":48}},"locations":[{"start":{"line":701,"column":29},"end":{"line":701,"column":48}}]},"159":{"type":"branch","line":701,"loc":{"start":{"line":701,"column":48},"end":{"line":708,"column":3}},"locations":[{"start":{"line":701,"column":48},"end":{"line":708,"column":3}}]},"160":{"type":"branch","line":708,"loc":{"start":{"line":708,"column":2},"end":{"line":709,"column":47}},"locations":[{"start":{"line":708,"column":2},"end":{"line":709,"column":47}}]},"161":{"type":"branch","line":709,"loc":{"start":{"line":709,"column":29},"end":{"line":709,"column":51}},"locations":[{"start":{"line":709,"column":29},"end":{"line":709,"column":51}}]},"162":{"type":"branch","line":709,"loc":{"start":{"line":709,"column":51},"end":{"line":716,"column":3}},"locations":[{"start":{"line":709,"column":51},"end":{"line":716,"column":3}}]},"163":{"type":"branch","line":716,"loc":{"start":{"line":716,"column":2},"end":{"line":719,"column":29}},"locations":[{"start":{"line":716,"column":2},"end":{"line":719,"column":29}}]},"164":{"type":"branch","line":719,"loc":{"start":{"line":719,"column":22},"end":{"line":719,"column":46}},"locations":[{"start":{"line":719,"column":22},"end":{"line":719,"column":46}}]},"165":{"type":"branch","line":724,"loc":{"start":{"line":724,"column":22},"end":{"line":730,"column":3}},"locations":[{"start":{"line":724,"column":22},"end":{"line":730,"column":3}}]},"166":{"type":"branch","line":730,"loc":{"start":{"line":730,"column":2},"end":{"line":733,"column":29}},"locations":[{"start":{"line":730,"column":2},"end":{"line":733,"column":29}}]},"167":{"type":"branch","line":733,"loc":{"start":{"line":733,"column":24},"end":{"line":733,"column":45}},"locations":[{"start":{"line":733,"column":24},"end":{"line":733,"column":45}}]},"168":{"type":"branch","line":733,"loc":{"start":{"line":733,"column":45},"end":{"line":738,"column":3}},"locations":[{"start":{"line":733,"column":45},"end":{"line":738,"column":3}}]},"169":{"type":"branch","line":738,"loc":{"start":{"line":738,"column":2},"end":{"line":742,"column":29}},"locations":[{"start":{"line":738,"column":2},"end":{"line":742,"column":29}}]},"170":{"type":"branch","line":742,"loc":{"start":{"line":742,"column":29},"end":{"line":745,"column":5}},"locations":[{"start":{"line":742,"column":29},"end":{"line":745,"column":5}}]},"171":{"type":"branch","line":746,"loc":{"start":{"line":746,"column":2},"end":{"line":750,"column":3}},"locations":[{"start":{"line":746,"column":2},"end":{"line":750,"column":3}}]},"172":{"type":"branch","line":750,"loc":{"start":{"line":750,"column":2},"end":{"line":755,"column":11}},"locations":[{"start":{"line":750,"column":2},"end":{"line":755,"column":11}}]},"173":{"type":"branch","line":755,"loc":{"start":{"line":755,"column":2},"end":{"line":759,"column":3}},"locations":[{"start":{"line":755,"column":2},"end":{"line":759,"column":3}}]},"174":{"type":"branch","line":759,"loc":{"start":{"line":759,"column":2},"end":{"line":776,"column":1}},"locations":[{"start":{"line":759,"column":2},"end":{"line":776,"column":1}}]},"175":{"type":"branch","line":785,"loc":{"start":{"line":785,"column":0},"end":{"line":797,"column":1}},"locations":[{"start":{"line":785,"column":0},"end":{"line":797,"column":1}}]},"176":{"type":"branch","line":790,"loc":{"start":{"line":790,"column":35},"end":{"line":790,"column":50}},"locations":[{"start":{"line":790,"column":35},"end":{"line":790,"column":50}}]},"177":{"type":"branch","line":790,"loc":{"start":{"line":790,"column":39},"end":{"line":790,"column":59}},"locations":[{"start":{"line":790,"column":39},"end":{"line":790,"column":59}}]},"178":{"type":"branch","line":791,"loc":{"start":{"line":791,"column":36},"end":{"line":793,"column":3}},"locations":[{"start":{"line":791,"column":36},"end":{"line":793,"column":3}}]},"179":{"type":"branch","line":794,"loc":{"start":{"line":794,"column":29},"end":{"line":796,"column":3}},"locations":[{"start":{"line":794,"column":29},"end":{"line":796,"column":3}}]},"180":{"type":"branch","line":807,"loc":{"start":{"line":807,"column":7},"end":{"line":900,"column":1}},"locations":[{"start":{"line":807,"column":7},"end":{"line":900,"column":1}}]},"181":{"type":"branch","line":819,"loc":{"start":{"line":819,"column":12},"end":{"line":822,"column":5}},"locations":[{"start":{"line":819,"column":12},"end":{"line":822,"column":5}}]},"182":{"type":"branch","line":834,"loc":{"start":{"line":834,"column":12},"end":{"line":841,"column":5}},"locations":[{"start":{"line":834,"column":12},"end":{"line":841,"column":5}}]},"183":{"type":"branch","line":919,"loc":{"start":{"line":919,"column":7},"end":{"line":926,"column":1}},"locations":[{"start":{"line":919,"column":7},"end":{"line":926,"column":1}}]},"184":{"type":"branch","line":921,"loc":{"start":{"line":921,"column":62},"end":{"line":921,"column":75}},"locations":[{"start":{"line":921,"column":62},"end":{"line":921,"column":75}}]},"185":{"type":"branch","line":923,"loc":{"start":{"line":923,"column":2},"end":{"line":925,"column":3}},"locations":[{"start":{"line":923,"column":2},"end":{"line":925,"column":3}}]}},"b":{"0":[0],"1":[31],"2":[17],"3":[8],"4":[2],"5":[15],"6":[1],"7":[14],"8":[13],"9":[10],"10":[8],"11":[2],"12":[8],"13":[1],"14":[7],"15":[7],"16":[10],"17":[5],"18":[2],"19":[1],"20":[1],"21":[5],"22":[1],"23":[7],"24":[6],"25":[9],"26":[8],"27":[1],"28":[1],"29":[7],"30":[3],"31":[2],"32":[1],"33":[11],"34":[0],"35":[0],"36":[20],"37":[1],"38":[10],"39":[1],"40":[9],"41":[0],"42":[20],"43":[6],"44":[3],"45":[17],"46":[16],"47":[15],"48":[2],"49":[17],"50":[17],"51":[16],"52":[17],"53":[5],"54":[9],"55":[4],"56":[5],"57":[4],"58":[1],"59":[1],"60":[8],"61":[18],"62":[17],"63":[3],"64":[14],"65":[1],"66":[1],"67":[0],"68":[14],"69":[6],"70":[0],"71":[3],"72":[0],"73":[11],"74":[6],"75":[5],"76":[11],"77":[1],"78":[0],"79":[5],"80":[1],"81":[4],"82":[0],"83":[4],"84":[4],"85":[0],"86":[4],"87":[7],"88":[2],"89":[5],"90":[0],"91":[5],"92":[5],"93":[1],"94":[4],"95":[1],"96":[3],"97":[20],"98":[2],"99":[1],"100":[0],"101":[18],"102":[3],"103":[15],"104":[11],"105":[11],"106":[20],"107":[3],"108":[3],"109":[2],"110":[20],"111":[17],"112":[17],"113":[17],"114":[18],"115":[18],"116":[19],"117":[17],"118":[15],"119":[18],"120":[14],"121":[17],"122":[6],"123":[3],"124":[4],"125":[6],"126":[4],"127":[9],"128":[3],"129":[3],"130":[2],"131":[2],"132":[1],"133":[11],"134":[3],"135":[2],"136":[3],"137":[3],"138":[2],"139":[2],"140":[1],"141":[6],"142":[4],"143":[14],"144":[13],"145":[2],"146":[0],"147":[12],"148":[10],"149":[2],"150":[1],"151":[11],"152":[10],"153":[1],"154":[10],"155":[9],"156":[1],"157":[9],"158":[8],"159":[1],"160":[8],"161":[7],"162":[1],"163":[7],"164":[0],"165":[1],"166":[6],"167":[2],"168":[1],"169":[5],"170":[1],"171":[0],"172":[5],"173":[0],"174":[5],"175":[5],"176":[3],"177":[2],"178":[13],"179":[2],"180":[15],"181":[2],"182":[3],"183":[2],"184":[0],"185":[0]},"fnMap":{"0":{"name":"loadAppModule","decl":{"start":{"line":51,"column":0},"end":{"line":55,"column":1}},"loc":{"start":{"line":51,"column":0},"end":{"line":55,"column":1}},"line":51},"1":{"name":"resolveAppInstance","decl":{"start":{"line":65,"column":0},"end":{"line":72,"column":1}},"loc":{"start":{"line":65,"column":0},"end":{"line":72,"column":1}},"line":65},"2":{"name":"runCodegen","decl":{"start":{"line":89,"column":0},"end":{"line":157,"column":1}},"loc":{"start":{"line":89,"column":0},"end":{"line":157,"column":1}},"line":89},"3":{"name":"buildInfoPayload","decl":{"start":{"line":189,"column":0},"end":{"line":242,"column":1}},"loc":{"start":{"line":189,"column":0},"end":{"line":242,"column":1}},"line":189},"4":{"name":"renderInfoPayload","decl":{"start":{"line":247,"column":0},"end":{"line":265,"column":1}},"loc":{"start":{"line":247,"column":0},"end":{"line":265,"column":1}},"line":247},"5":{"name":"runInfo","decl":{"start":{"line":276,"column":0},"end":{"line":326,"column":1}},"loc":{"start":{"line":276,"column":0},"end":{"line":326,"column":1}},"line":276},"6":{"name":"parseRenameFieldSpec","decl":{"start":{"line":400,"column":0},"end":{"line":410,"column":1}},"loc":{"start":{"line":400,"column":0},"end":{"line":410,"column":1}},"line":400},"7":{"name":"parseFieldSpec","decl":{"start":{"line":415,"column":0},"end":{"line":422,"column":1}},"loc":{"start":{"line":415,"column":0},"end":{"line":422,"column":1}},"line":415},"8":{"name":"parseEndpointSpec","decl":{"start":{"line":427,"column":0},"end":{"line":433,"column":1}},"loc":{"start":{"line":427,"column":0},"end":{"line":433,"column":1}},"line":427},"9":{"name":"deriveClassName","decl":{"start":{"line":440,"column":0},"end":{"line":461,"column":1}},"loc":{"start":{"line":440,"column":0},"end":{"line":461,"column":1}},"line":440},"10":{"name":"collectSchemaNames","decl":{"start":{"line":467,"column":0},"end":{"line":477,"column":1}},"loc":{"start":{"line":467,"column":0},"end":{"line":477,"column":1}},"line":467},"11":{"name":"generateVersionChangeSource","decl":{"start":{"line":483,"column":7},"end":{"line":660,"column":1}},"loc":{"start":{"line":483,"column":7},"end":{"line":660,"column":1}},"line":483},"12":{"name":"sanitize","decl":{"start":{"line":619,"column":21},"end":{"line":619,"column":68}},"loc":{"start":{"line":619,"column":21},"end":{"line":619,"column":68}},"line":619},"13":{"name":"sanitize","decl":{"start":{"line":644,"column":21},"end":{"line":644,"column":68}},"loc":{"start":{"line":644,"column":21},"end":{"line":644,"column":68}},"line":644},"14":{"name":"runNewVersion","decl":{"start":{"line":668,"column":0},"end":{"line":776,"column":1}},"loc":{"start":{"line":668,"column":0},"end":{"line":776,"column":1}},"line":668},"15":{"name":"emitResult","decl":{"start":{"line":785,"column":0},"end":{"line":797,"column":1}},"loc":{"start":{"line":785,"column":0},"end":{"line":797,"column":1}},"line":785},"16":{"name":"createProgram","decl":{"start":{"line":807,"column":7},"end":{"line":900,"column":1}},"loc":{"start":{"line":807,"column":7},"end":{"line":900,"column":1}},"line":807},"17":{"name":"isMainModule","decl":{"start":{"line":919,"column":7},"end":{"line":926,"column":1}},"loc":{"start":{"line":919,"column":7},"end":{"line":926,"column":1}},"line":919}},"f":{"0":31,"1":17,"2":13,"3":11,"4":5,"5":18,"6":5,"7":7,"8":5,"9":20,"10":20,"11":20,"12":6,"13":4,"14":14,"15":5,"16":15,"17":2}}
}
